2016-10-06 15:07:35 [scrapy] INFO: Scrapy 1.1.2 started (bot: foreignScrape)
2016-10-06 15:07:35 [scrapy] INFO: Overridden settings: {'NEWSPIDER_MODULE': 'foreignScrape.spiders', 'FEED_URI': 'file:///Users/Ryan/PoliScrape/git/PoliScrape/poliScrapy/foreignScrape/spiders/items/poliScrapy/history/22c0dd978bf811e6be27a45e60edbd8f.jl', 'CONCURRENT_REQUESTS': 32, 'CLOSESPIDER_ERRORCOUNT': 30, 'BOT_NAME': 'foreignScrape', 'SPIDER_MODULES': ['foreignScrape.spiders'], 'ROBOTSTXT_OBEY': True, 'DEPTH_PRIORITY': 1, 'CLOSESPIDER_PAGECOUNT': 2, 'LOG_FILE': 'logs/poliScrapy/history/22c0dd978bf811e6be27a45e60edbd8f.log', 'DOWNLOAD_DELAY': 2}
2016-10-06 15:07:35 [scrapy] INFO: Enabled extensions:
['scrapy.extensions.feedexport.FeedExporter',
 'scrapy.extensions.telnet.TelnetConsole',
 'scrapy.extensions.corestats.CoreStats',
 'scrapy.extensions.closespider.CloseSpider',
 'scrapy.extensions.logstats.LogStats']
2016-10-06 15:07:35 [scrapy] INFO: Enabled downloader middlewares:
['scrapy.downloadermiddlewares.robotstxt.RobotsTxtMiddleware',
 'scrapy.downloadermiddlewares.httpauth.HttpAuthMiddleware',
 'scrapy.downloadermiddlewares.downloadtimeout.DownloadTimeoutMiddleware',
 'scrapy.downloadermiddlewares.useragent.UserAgentMiddleware',
 'scrapy.downloadermiddlewares.retry.RetryMiddleware',
 'scrapy.downloadermiddlewares.defaultheaders.DefaultHeadersMiddleware',
 'scrapy.downloadermiddlewares.redirect.MetaRefreshMiddleware',
 'scrapy.downloadermiddlewares.httpcompression.HttpCompressionMiddleware',
 'scrapy.downloadermiddlewares.redirect.RedirectMiddleware',
 'scrapy.downloadermiddlewares.cookies.CookiesMiddleware',
 'scrapy.downloadermiddlewares.chunked.ChunkedTransferMiddleware',
 'scrapy.downloadermiddlewares.stats.DownloaderStats']
2016-10-06 15:07:35 [scrapy] INFO: Enabled spider middlewares:
['scrapy.spidermiddlewares.httperror.HttpErrorMiddleware',
 'scrapy.spidermiddlewares.offsite.OffsiteMiddleware',
 'scrapy.spidermiddlewares.referer.RefererMiddleware',
 'scrapy.spidermiddlewares.urllength.UrlLengthMiddleware',
 'scrapy.spidermiddlewares.depth.DepthMiddleware']
2016-10-06 15:07:35 [scrapy] INFO: Enabled item pipelines:
[]
2016-10-06 15:07:35 [scrapy] INFO: Spider opened
2016-10-06 15:07:35 [scrapy] INFO: Crawled 0 pages (at 0 pages/min), scraped 0 items (at 0 items/min)
2016-10-06 15:07:35 [scrapy] DEBUG: Telnet console listening on 127.0.0.1:6023
2016-10-06 15:07:35 [scrapy] DEBUG: Crawled (200) <GET https://history.state.gov/robots.txt> (referer: None)
2016-10-06 15:07:37 [scrapy] DEBUG: Crawled (200) <GET https://history.state.gov/historicaldocuments> (referer: None)
2016-10-06 15:07:37 [scrapy] INFO: Closing spider (closespider_pagecount)
2016-10-06 15:07:37 [scrapy] DEBUG: Filtered duplicate request: <GET https://history.state.gov//> - no more duplicates will be shown (see DUPEFILTER_DEBUG to show all duplicates)
2016-10-06 15:07:37 [scrapy] ERROR: Spider error processing <GET https://history.state.gov/historicaldocuments> (referer: None)
Traceback (most recent call last):
  File "/usr/local/lib/python2.7/site-packages/scrapy/utils/defer.py", line 102, in iter_errback
    yield next(it)
  File "/usr/local/lib/python2.7/site-packages/scrapy/spidermiddlewares/offsite.py", line 29, in process_spider_output
    for x in result:
  File "/usr/local/lib/python2.7/site-packages/scrapy/spidermiddlewares/referer.py", line 22, in <genexpr>
    return (_set_referer(r) for r in result or ())
  File "/usr/local/lib/python2.7/site-packages/scrapy/spidermiddlewares/urllength.py", line 37, in <genexpr>
    return (r for r in result or () if _filter(r))
  File "/usr/local/lib/python2.7/site-packages/scrapy/spidermiddlewares/depth.py", line 58, in <genexpr>
    return (r for r in result or () if _filter(r))
  File "build/bdist.macosx-10.11-x86_64/egg/foreignScrape/spiders/history.py", line 71, in parse
    with open(bodyFile, 'wb') as f:
IOError: [Errno 2] No such file or directory: '../json/text/body-s:history.state.gov-historicaldocuments.json'
2016-10-06 15:07:37 [scrapy] INFO: Dumping Scrapy stats:
{'downloader/request_bytes': 614,
 'downloader/request_count': 2,
 'downloader/request_method_count/GET': 2,
 'downloader/response_bytes': 5517,
 'downloader/response_count': 2,
 'downloader/response_status_count/200': 2,
 'dupefilter/filtered': 16,
 'finish_reason': 'closespider_pagecount',
 'finish_time': datetime.datetime(2016, 10, 6, 19, 7, 37, 146316),
 'log_count/DEBUG': 4,
 'log_count/ERROR': 1,
 'log_count/INFO': 7,
 'request_depth_max': 1,
 'response_received_count': 2,
 'scheduler/dequeued': 1,
 'scheduler/dequeued/memory': 1,
 'scheduler/enqueued': 72,
 'scheduler/enqueued/memory': 72,
 'spider_exceptions/IOError': 1,
 'start_time': datetime.datetime(2016, 10, 6, 19, 7, 35, 267854)}
2016-10-06 15:07:37 [scrapy] INFO: Spider closed (closespider_pagecount)
