2016-10-27 14:43:24 [scrapy] INFO: Scrapy 1.1.2 started (bot: foreignScrape)
2016-10-27 14:43:24 [scrapy] INFO: Overridden settings: {'NEWSPIDER_MODULE': 'foreignScrape.spiders', 'FEED_URI': 'file:///private/var/www/PoliScrape/git/PoliScrape/poliScrapy/items/poliScrapy/history/3c057fb89c7511e6a30ba45e60edbd8f.jl', 'CONCURRENT_REQUESTS': 32, 'CLOSESPIDER_ERRORCOUNT': 30, 'BOT_NAME': 'foreignScrape', 'SPIDER_MODULES': ['foreignScrape.spiders'], 'ROBOTSTXT_OBEY': True, 'DEPTH_PRIORITY': 1, 'LOG_FILE': 'logs/poliScrapy/history/3c057fb89c7511e6a30ba45e60edbd8f.log', 'DOWNLOAD_DELAY': 2}
2016-10-27 14:43:24 [scrapy] INFO: Enabled extensions:
['scrapy.extensions.feedexport.FeedExporter',
 'scrapy.extensions.telnet.TelnetConsole',
 'scrapy.extensions.corestats.CoreStats',
 'scrapy.extensions.closespider.CloseSpider',
 'scrapy.extensions.logstats.LogStats']
2016-10-27 14:43:24 [scrapy] INFO: Enabled downloader middlewares:
['scrapy.downloadermiddlewares.robotstxt.RobotsTxtMiddleware',
 'scrapy.downloadermiddlewares.httpauth.HttpAuthMiddleware',
 'scrapy.downloadermiddlewares.downloadtimeout.DownloadTimeoutMiddleware',
 'scrapy.downloadermiddlewares.useragent.UserAgentMiddleware',
 'scrapy.downloadermiddlewares.retry.RetryMiddleware',
 'scrapy.downloadermiddlewares.defaultheaders.DefaultHeadersMiddleware',
 'scrapy.downloadermiddlewares.redirect.MetaRefreshMiddleware',
 'scrapy.downloadermiddlewares.httpcompression.HttpCompressionMiddleware',
 'scrapy.downloadermiddlewares.redirect.RedirectMiddleware',
 'scrapy.downloadermiddlewares.cookies.CookiesMiddleware',
 'scrapy.downloadermiddlewares.chunked.ChunkedTransferMiddleware',
 'scrapy.downloadermiddlewares.stats.DownloaderStats']
2016-10-27 14:43:24 [scrapy] INFO: Enabled spider middlewares:
['scrapy.spidermiddlewares.httperror.HttpErrorMiddleware',
 'scrapy.spidermiddlewares.offsite.OffsiteMiddleware',
 'scrapy.spidermiddlewares.referer.RefererMiddleware',
 'scrapy.spidermiddlewares.urllength.UrlLengthMiddleware',
 'scrapy.spidermiddlewares.depth.DepthMiddleware']
2016-10-27 14:43:24 [scrapy] INFO: Enabled item pipelines:
[]
2016-10-27 14:43:24 [scrapy] INFO: Spider opened
2016-10-27 14:43:24 [scrapy] INFO: Crawled 0 pages (at 0 pages/min), scraped 0 items (at 0 items/min)
2016-10-27 14:43:24 [scrapy] DEBUG: Telnet console listening on 127.0.0.1:6024
2016-10-27 14:43:24 [scrapy] DEBUG: Crawled (200) <GET https://history.state.gov/robots.txt> (referer: None)
2016-10-27 14:43:27 [scrapy] DEBUG: Crawled (200) <GET https://history.state.gov/historicaldocuments> (referer: None)
2016-10-27 14:43:27 [scrapy] ERROR: Spider error processing <GET https://history.state.gov/historicaldocuments> (referer: None)
Traceback (most recent call last):
  File "/usr/local/lib/python2.7/site-packages/scrapy/utils/defer.py", line 102, in iter_errback
    yield next(it)
  File "/usr/local/lib/python2.7/site-packages/scrapy/spidermiddlewares/offsite.py", line 29, in process_spider_output
    for x in result:
  File "/usr/local/lib/python2.7/site-packages/scrapy/spidermiddlewares/referer.py", line 22, in <genexpr>
    return (_set_referer(r) for r in result or ())
  File "/usr/local/lib/python2.7/site-packages/scrapy/spidermiddlewares/urllength.py", line 37, in <genexpr>
    return (r for r in result or () if _filter(r))
  File "/usr/local/lib/python2.7/site-packages/scrapy/spidermiddlewares/depth.py", line 58, in <genexpr>
    return (r for r in result or () if _filter(r))
  File "build/bdist.macosx-10.11-x86_64/egg/foreignScrape/spiders/history.py", line 48, in parse
    item['title'] = response.xpath("//title").extract_first()
  File "/usr/local/lib/python2.7/site-packages/scrapy/item.py", line 63, in __setitem__
    (self.__class__.__name__, key))
KeyError: 'foreignScrapeItem does not support field: title'
2016-10-27 14:43:27 [scrapy] INFO: Closing spider (finished)
2016-10-27 14:43:27 [scrapy] INFO: Dumping Scrapy stats:
{'downloader/request_bytes': 614,
 'downloader/request_count': 2,
 'downloader/request_method_count/GET': 2,
 'downloader/response_bytes': 5524,
 'downloader/response_count': 2,
 'downloader/response_status_count/200': 2,
 'finish_reason': 'finished',
 'finish_time': datetime.datetime(2016, 10, 27, 18, 43, 27, 519151),
 'log_count/DEBUG': 3,
 'log_count/ERROR': 1,
 'log_count/INFO': 7,
 'response_received_count': 2,
 'scheduler/dequeued': 1,
 'scheduler/dequeued/memory': 1,
 'scheduler/enqueued': 1,
 'scheduler/enqueued/memory': 1,
 'spider_exceptions/KeyError': 1,
 'start_time': datetime.datetime(2016, 10, 27, 18, 43, 24, 351811)}
2016-10-27 14:43:27 [scrapy] INFO: Spider closed (finished)
