2016-10-20 15:06:50 [scrapy] INFO: Scrapy 1.1.2 started (bot: foreignScrape)
2016-10-20 15:06:50 [scrapy] INFO: Overridden settings: {'NEWSPIDER_MODULE': 'foreignScrape.spiders', 'FEED_URI': 'file:///private/var/www/PoliScrape/git/PoliScrape/poliScrapy/items/poliScrapy/history/594201e696f811e6b60ca45e60edbd8f.jl', 'CONCURRENT_REQUESTS': 32, 'CLOSESPIDER_ERRORCOUNT': 30, 'BOT_NAME': 'foreignScrape', 'CLOSESPIDER_TIMEOUT': 50, 'SPIDER_MODULES': ['foreignScrape.spiders'], 'ROBOTSTXT_OBEY': True, 'DEPTH_PRIORITY': 1, 'LOG_FILE': 'logs/poliScrapy/history/594201e696f811e6b60ca45e60edbd8f.log', 'DOWNLOAD_DELAY': 2}
2016-10-20 15:06:50 [scrapy] INFO: Enabled extensions:
['scrapy.extensions.feedexport.FeedExporter',
 'scrapy.extensions.telnet.TelnetConsole',
 'scrapy.extensions.corestats.CoreStats',
 'scrapy.extensions.closespider.CloseSpider',
 'scrapy.extensions.logstats.LogStats']
2016-10-20 15:06:50 [scrapy] INFO: Enabled downloader middlewares:
['scrapy.downloadermiddlewares.robotstxt.RobotsTxtMiddleware',
 'scrapy.downloadermiddlewares.httpauth.HttpAuthMiddleware',
 'scrapy.downloadermiddlewares.downloadtimeout.DownloadTimeoutMiddleware',
 'scrapy.downloadermiddlewares.useragent.UserAgentMiddleware',
 'scrapy.downloadermiddlewares.retry.RetryMiddleware',
 'scrapy.downloadermiddlewares.defaultheaders.DefaultHeadersMiddleware',
 'scrapy.downloadermiddlewares.redirect.MetaRefreshMiddleware',
 'scrapy.downloadermiddlewares.httpcompression.HttpCompressionMiddleware',
 'scrapy.downloadermiddlewares.redirect.RedirectMiddleware',
 'scrapy.downloadermiddlewares.cookies.CookiesMiddleware',
 'scrapy.downloadermiddlewares.chunked.ChunkedTransferMiddleware',
 'scrapy.downloadermiddlewares.stats.DownloaderStats']
2016-10-20 15:06:50 [scrapy] INFO: Enabled spider middlewares:
['scrapy.spidermiddlewares.httperror.HttpErrorMiddleware',
 'scrapy.spidermiddlewares.offsite.OffsiteMiddleware',
 'scrapy.spidermiddlewares.referer.RefererMiddleware',
 'scrapy.spidermiddlewares.urllength.UrlLengthMiddleware',
 'scrapy.spidermiddlewares.depth.DepthMiddleware']
2016-10-20 15:06:50 [scrapy] INFO: Enabled item pipelines:
['foreignScrape.pipelines.JsonWriterPipeline']
2016-10-20 15:06:50 [scrapy] INFO: Spider opened
2016-10-20 15:06:50 [scrapy] INFO: Crawled 0 pages (at 0 pages/min), scraped 0 items (at 0 items/min)
2016-10-20 15:06:50 [scrapy] DEBUG: Telnet console listening on 127.0.0.1:6023
2016-10-20 15:06:51 [scrapy] DEBUG: Crawled (200) <GET https://history.state.gov/robots.txt> (referer: None)
2016-10-20 15:06:53 [scrapy] DEBUG: Crawled (200) <GET https://history.state.gov/historicaldocuments> (referer: None)
2016-10-20 15:06:54 [scrapy] DEBUG: Filtered duplicate request: <GET https://history.state.gov//> - no more duplicates will be shown (see DUPEFILTER_DEBUG to show all duplicates)
2016-10-20 15:06:54 [scrapy] ERROR: Error processing {}
Traceback (most recent call last):
  File "/usr/local/lib/python2.7/site-packages/twisted/internet/defer.py", line 587, in _runCallbacks
    current.result = callback(current.result, *args, **kw)
  File "build/bdist.macosx-10.11-x86_64/egg/foreignScrape/pipelines.py", line 18, in process_item
NameError: global name 'json' is not defined
2016-10-20 15:06:56 [scrapy] DEBUG: Crawled (200) <GET https://history.state.gov//about-the-beta> (referer: https://history.state.gov/historicaldocuments)
2016-10-20 15:06:56 [scrapy] ERROR: Error processing {}
Traceback (most recent call last):
  File "/usr/local/lib/python2.7/site-packages/twisted/internet/defer.py", line 587, in _runCallbacks
    current.result = callback(current.result, *args, **kw)
  File "build/bdist.macosx-10.11-x86_64/egg/foreignScrape/pipelines.py", line 18, in process_item
NameError: global name 'json' is not defined
2016-10-20 15:06:59 [scrapy] DEBUG: Crawled (200) <GET https://history.state.gov//open> (referer: https://history.state.gov/historicaldocuments)
2016-10-20 15:06:59 [scrapy] ERROR: Error processing {}
Traceback (most recent call last):
  File "/usr/local/lib/python2.7/site-packages/twisted/internet/defer.py", line 587, in _runCallbacks
    current.result = callback(current.result, *args, **kw)
  File "build/bdist.macosx-10.11-x86_64/egg/foreignScrape/pipelines.py", line 18, in process_item
NameError: global name 'json' is not defined
2016-10-20 15:07:02 [scrapy] DEBUG: Crawled (200) <GET https://history.state.gov//about/faq> (referer: https://history.state.gov/historicaldocuments)
2016-10-20 15:07:02 [scrapy] ERROR: Error processing {}
Traceback (most recent call last):
  File "/usr/local/lib/python2.7/site-packages/twisted/internet/defer.py", line 587, in _runCallbacks
    current.result = callback(current.result, *args, **kw)
  File "build/bdist.macosx-10.11-x86_64/egg/foreignScrape/pipelines.py", line 18, in process_item
NameError: global name 'json' is not defined
2016-10-20 15:07:03 [scrapy] DEBUG: Crawled (200) <GET https://history.state.gov//education> (referer: https://history.state.gov/historicaldocuments)
2016-10-20 15:07:03 [scrapy] ERROR: Error processing {}
Traceback (most recent call last):
  File "/usr/local/lib/python2.7/site-packages/twisted/internet/defer.py", line 587, in _runCallbacks
    current.result = callback(current.result, *args, **kw)
  File "build/bdist.macosx-10.11-x86_64/egg/foreignScrape/pipelines.py", line 18, in process_item
NameError: global name 'json' is not defined
2016-10-20 15:07:06 [scrapy] DEBUG: Crawled (200) <GET https://history.state.gov//developer> (referer: https://history.state.gov/historicaldocuments)
2016-10-20 15:07:06 [scrapy] ERROR: Error processing {}
Traceback (most recent call last):
  File "/usr/local/lib/python2.7/site-packages/twisted/internet/defer.py", line 587, in _runCallbacks
    current.result = callback(current.result, *args, **kw)
  File "build/bdist.macosx-10.11-x86_64/egg/foreignScrape/pipelines.py", line 18, in process_item
NameError: global name 'json' is not defined
2016-10-20 15:07:08 [scrapy] DEBUG: Crawled (200) <GET https://history.state.gov//about/contact-us> (referer: https://history.state.gov/historicaldocuments)
2016-10-20 15:07:08 [scrapy] ERROR: Error processing {}
Traceback (most recent call last):
  File "/usr/local/lib/python2.7/site-packages/twisted/internet/defer.py", line 587, in _runCallbacks
    current.result = callback(current.result, *args, **kw)
  File "build/bdist.macosx-10.11-x86_64/egg/foreignScrape/pipelines.py", line 18, in process_item
NameError: global name 'json' is not defined
2016-10-20 15:07:10 [scrapy] DEBUG: Crawled (200) <GET https://history.state.gov//conferences> (referer: https://history.state.gov/historicaldocuments)
2016-10-20 15:07:11 [scrapy] ERROR: Error processing {}
Traceback (most recent call last):
  File "/usr/local/lib/python2.7/site-packages/twisted/internet/defer.py", line 587, in _runCallbacks
    current.result = callback(current.result, *args, **kw)
  File "build/bdist.macosx-10.11-x86_64/egg/foreignScrape/pipelines.py", line 18, in process_item
NameError: global name 'json' is not defined
2016-10-20 15:07:13 [scrapy] DEBUG: Crawled (200) <GET https://history.state.gov//tags> (referer: https://history.state.gov/historicaldocuments)
2016-10-20 15:07:13 [scrapy] ERROR: Error processing {}
Traceback (most recent call last):
  File "/usr/local/lib/python2.7/site-packages/twisted/internet/defer.py", line 587, in _runCallbacks
    current.result = callback(current.result, *args, **kw)
  File "build/bdist.macosx-10.11-x86_64/egg/foreignScrape/pipelines.py", line 18, in process_item
NameError: global name 'json' is not defined
2016-10-20 15:07:16 [scrapy] DEBUG: Crawled (200) <GET https://history.state.gov//about> (referer: https://history.state.gov/historicaldocuments)
2016-10-20 15:07:16 [scrapy] ERROR: Error processing {}
Traceback (most recent call last):
  File "/usr/local/lib/python2.7/site-packages/twisted/internet/defer.py", line 587, in _runCallbacks
    current.result = callback(current.result, *args, **kw)
  File "build/bdist.macosx-10.11-x86_64/egg/foreignScrape/pipelines.py", line 18, in process_item
NameError: global name 'json' is not defined
2016-10-20 15:07:17 [scrapy] DEBUG: Crawled (200) <GET https://history.state.gov/> (referer: https://history.state.gov/historicaldocuments)
2016-10-20 15:07:18 [scrapy] ERROR: Error processing {}
Traceback (most recent call last):
  File "/usr/local/lib/python2.7/site-packages/twisted/internet/defer.py", line 587, in _runCallbacks
    current.result = callback(current.result, *args, **kw)
  File "build/bdist.macosx-10.11-x86_64/egg/foreignScrape/pipelines.py", line 18, in process_item
NameError: global name 'json' is not defined
2016-10-20 15:07:20 [scrapy] DEBUG: Crawled (200) <GET https://history.state.gov//countries/archives> (referer: https://history.state.gov/historicaldocuments)
2016-10-20 15:07:20 [scrapy] ERROR: Error processing {}
Traceback (most recent call last):
  File "/usr/local/lib/python2.7/site-packages/twisted/internet/defer.py", line 587, in _runCallbacks
    current.result = callback(current.result, *args, **kw)
  File "build/bdist.macosx-10.11-x86_64/egg/foreignScrape/pipelines.py", line 18, in process_item
NameError: global name 'json' is not defined
2016-10-20 15:07:23 [scrapy] DEBUG: Crawled (200) <GET https://history.state.gov//countries> (referer: https://history.state.gov/historicaldocuments)
2016-10-20 15:07:23 [scrapy] ERROR: Error processing {}
Traceback (most recent call last):
  File "/usr/local/lib/python2.7/site-packages/twisted/internet/defer.py", line 587, in _runCallbacks
    current.result = callback(current.result, *args, **kw)
  File "build/bdist.macosx-10.11-x86_64/egg/foreignScrape/pipelines.py", line 18, in process_item
NameError: global name 'json' is not defined
2016-10-20 15:07:26 [scrapy] DEBUG: Crawled (200) <GET https://history.state.gov//milestones/1993-2000> (referer: https://history.state.gov/historicaldocuments)
2016-10-20 15:07:26 [scrapy] ERROR: Error processing {}
Traceback (most recent call last):
  File "/usr/local/lib/python2.7/site-packages/twisted/internet/defer.py", line 587, in _runCallbacks
    current.result = callback(current.result, *args, **kw)
  File "build/bdist.macosx-10.11-x86_64/egg/foreignScrape/pipelines.py", line 18, in process_item
NameError: global name 'json' is not defined
2016-10-20 15:07:28 [scrapy] DEBUG: Crawled (200) <GET https://history.state.gov//milestones/1989-1992> (referer: https://history.state.gov/historicaldocuments)
2016-10-20 15:07:28 [scrapy] ERROR: Error processing {}
Traceback (most recent call last):
  File "/usr/local/lib/python2.7/site-packages/twisted/internet/defer.py", line 587, in _runCallbacks
    current.result = callback(current.result, *args, **kw)
  File "build/bdist.macosx-10.11-x86_64/egg/foreignScrape/pipelines.py", line 18, in process_item
NameError: global name 'json' is not defined
2016-10-20 15:07:30 [scrapy] DEBUG: Crawled (200) <GET https://history.state.gov//milestones/1981-1988> (referer: https://history.state.gov/historicaldocuments)
2016-10-20 15:07:30 [scrapy] ERROR: Error processing {}
Traceback (most recent call last):
  File "/usr/local/lib/python2.7/site-packages/twisted/internet/defer.py", line 587, in _runCallbacks
    current.result = callback(current.result, *args, **kw)
  File "build/bdist.macosx-10.11-x86_64/egg/foreignScrape/pipelines.py", line 18, in process_item
NameError: global name 'json' is not defined
2016-10-20 15:07:33 [scrapy] DEBUG: Crawled (200) <GET https://history.state.gov//milestones/1977-1980> (referer: https://history.state.gov/historicaldocuments)
2016-10-20 15:07:33 [scrapy] ERROR: Error processing {}
Traceback (most recent call last):
  File "/usr/local/lib/python2.7/site-packages/twisted/internet/defer.py", line 587, in _runCallbacks
    current.result = callback(current.result, *args, **kw)
  File "build/bdist.macosx-10.11-x86_64/egg/foreignScrape/pipelines.py", line 18, in process_item
NameError: global name 'json' is not defined
2016-10-20 15:07:36 [scrapy] DEBUG: Crawled (200) <GET https://history.state.gov//milestones/1969-1976> (referer: https://history.state.gov/historicaldocuments)
2016-10-20 15:07:36 [scrapy] ERROR: Error processing {}
Traceback (most recent call last):
  File "/usr/local/lib/python2.7/site-packages/twisted/internet/defer.py", line 587, in _runCallbacks
    current.result = callback(current.result, *args, **kw)
  File "build/bdist.macosx-10.11-x86_64/egg/foreignScrape/pipelines.py", line 18, in process_item
NameError: global name 'json' is not defined
2016-10-20 15:07:39 [scrapy] DEBUG: Crawled (200) <GET https://history.state.gov//milestones/1961-1968> (referer: https://history.state.gov/historicaldocuments)
2016-10-20 15:07:39 [scrapy] ERROR: Error processing {}
Traceback (most recent call last):
  File "/usr/local/lib/python2.7/site-packages/twisted/internet/defer.py", line 587, in _runCallbacks
    current.result = callback(current.result, *args, **kw)
  File "build/bdist.macosx-10.11-x86_64/egg/foreignScrape/pipelines.py", line 18, in process_item
NameError: global name 'json' is not defined
2016-10-20 15:07:40 [scrapy] INFO: Closing spider (closespider_timeout)
2016-10-20 15:07:41 [scrapy] DEBUG: Crawled (200) <GET https://history.state.gov//milestones/1953-1960> (referer: https://history.state.gov/historicaldocuments)
2016-10-20 15:07:41 [scrapy] ERROR: Error processing {}
Traceback (most recent call last):
  File "/usr/local/lib/python2.7/site-packages/twisted/internet/defer.py", line 587, in _runCallbacks
    current.result = callback(current.result, *args, **kw)
  File "build/bdist.macosx-10.11-x86_64/egg/foreignScrape/pipelines.py", line 18, in process_item
NameError: global name 'json' is not defined
2016-10-20 15:07:43 [scrapy] DEBUG: Crawled (200) <GET https://history.state.gov//milestones/1945-1952> (referer: https://history.state.gov/historicaldocuments)
2016-10-20 15:07:43 [scrapy] ERROR: Error processing {}
Traceback (most recent call last):
  File "/usr/local/lib/python2.7/site-packages/twisted/internet/defer.py", line 587, in _runCallbacks
    current.result = callback(current.result, *args, **kw)
  File "build/bdist.macosx-10.11-x86_64/egg/foreignScrape/pipelines.py", line 18, in process_item
NameError: global name 'json' is not defined
2016-10-20 15:07:45 [scrapy] DEBUG: Crawled (200) <GET https://history.state.gov//milestones/1937-1945> (referer: https://history.state.gov/historicaldocuments)
2016-10-20 15:07:46 [scrapy] ERROR: Error processing {}
Traceback (most recent call last):
  File "/usr/local/lib/python2.7/site-packages/twisted/internet/defer.py", line 587, in _runCallbacks
    current.result = callback(current.result, *args, **kw)
  File "build/bdist.macosx-10.11-x86_64/egg/foreignScrape/pipelines.py", line 18, in process_item
NameError: global name 'json' is not defined
2016-10-20 15:07:48 [scrapy] DEBUG: Crawled (200) <GET https://history.state.gov//milestones/1921-1936> (referer: https://history.state.gov/historicaldocuments)
2016-10-20 15:07:48 [scrapy] ERROR: Error processing {}
Traceback (most recent call last):
  File "/usr/local/lib/python2.7/site-packages/twisted/internet/defer.py", line 587, in _runCallbacks
    current.result = callback(current.result, *args, **kw)
  File "build/bdist.macosx-10.11-x86_64/egg/foreignScrape/pipelines.py", line 18, in process_item
NameError: global name 'json' is not defined
2016-10-20 15:07:50 [scrapy] INFO: Crawled 24 pages (at 24 pages/min), scraped 0 items (at 0 items/min)
2016-10-20 15:07:51 [scrapy] DEBUG: Crawled (200) <GET https://history.state.gov//milestones/1914-1920> (referer: https://history.state.gov/historicaldocuments)
2016-10-20 15:07:51 [scrapy] ERROR: Error processing {}
Traceback (most recent call last):
  File "/usr/local/lib/python2.7/site-packages/twisted/internet/defer.py", line 587, in _runCallbacks
    current.result = callback(current.result, *args, **kw)
  File "build/bdist.macosx-10.11-x86_64/egg/foreignScrape/pipelines.py", line 18, in process_item
NameError: global name 'json' is not defined
2016-10-20 15:07:54 [scrapy] DEBUG: Crawled (200) <GET https://history.state.gov//milestones/1899-1913> (referer: https://history.state.gov/historicaldocuments)
2016-10-20 15:07:54 [scrapy] ERROR: Error processing {}
Traceback (most recent call last):
  File "/usr/local/lib/python2.7/site-packages/twisted/internet/defer.py", line 587, in _runCallbacks
    current.result = callback(current.result, *args, **kw)
  File "build/bdist.macosx-10.11-x86_64/egg/foreignScrape/pipelines.py", line 18, in process_item
NameError: global name 'json' is not defined
2016-10-20 15:07:56 [scrapy] DEBUG: Crawled (200) <GET https://history.state.gov//milestones/1866-1898> (referer: https://history.state.gov/historicaldocuments)
2016-10-20 15:07:56 [scrapy] ERROR: Error processing {}
Traceback (most recent call last):
  File "/usr/local/lib/python2.7/site-packages/twisted/internet/defer.py", line 587, in _runCallbacks
    current.result = callback(current.result, *args, **kw)
  File "build/bdist.macosx-10.11-x86_64/egg/foreignScrape/pipelines.py", line 18, in process_item
NameError: global name 'json' is not defined
2016-10-20 15:07:58 [scrapy] DEBUG: Crawled (200) <GET https://history.state.gov//milestones/1861-1865> (referer: https://history.state.gov/historicaldocuments)
2016-10-20 15:07:59 [scrapy] ERROR: Error processing {}
Traceback (most recent call last):
  File "/usr/local/lib/python2.7/site-packages/twisted/internet/defer.py", line 587, in _runCallbacks
    current.result = callback(current.result, *args, **kw)
  File "build/bdist.macosx-10.11-x86_64/egg/foreignScrape/pipelines.py", line 18, in process_item
NameError: global name 'json' is not defined
2016-10-20 15:08:01 [scrapy] DEBUG: Crawled (200) <GET https://history.state.gov//milestones/1830-1860> (referer: https://history.state.gov/historicaldocuments)
2016-10-20 15:08:02 [scrapy] ERROR: Error processing {}
Traceback (most recent call last):
  File "/usr/local/lib/python2.7/site-packages/twisted/internet/defer.py", line 587, in _runCallbacks
    current.result = callback(current.result, *args, **kw)
  File "build/bdist.macosx-10.11-x86_64/egg/foreignScrape/pipelines.py", line 18, in process_item
NameError: global name 'json' is not defined
2016-10-20 15:08:04 [scrapy] DEBUG: Crawled (200) <GET https://history.state.gov//milestones/1801-1829> (referer: https://history.state.gov/historicaldocuments)
2016-10-20 15:08:04 [scrapy] ERROR: Error processing {}
Traceback (most recent call last):
  File "/usr/local/lib/python2.7/site-packages/twisted/internet/defer.py", line 587, in _runCallbacks
    current.result = callback(current.result, *args, **kw)
  File "build/bdist.macosx-10.11-x86_64/egg/foreignScrape/pipelines.py", line 18, in process_item
NameError: global name 'json' is not defined
2016-10-20 15:08:07 [scrapy] DEBUG: Crawled (200) <GET https://history.state.gov//milestones/1784-1800> (referer: https://history.state.gov/historicaldocuments)
2016-10-20 15:08:07 [scrapy] ERROR: Error processing {}
Traceback (most recent call last):
  File "/usr/local/lib/python2.7/site-packages/twisted/internet/defer.py", line 587, in _runCallbacks
    current.result = callback(current.result, *args, **kw)
  File "build/bdist.macosx-10.11-x86_64/egg/foreignScrape/pipelines.py", line 18, in process_item
NameError: global name 'json' is not defined
2016-10-20 15:08:10 [scrapy] DEBUG: Crawled (200) <GET https://history.state.gov//milestones/1776-1783> (referer: https://history.state.gov/historicaldocuments)
2016-10-20 15:08:10 [scrapy] ERROR: Error processing {}
Traceback (most recent call last):
  File "/usr/local/lib/python2.7/site-packages/twisted/internet/defer.py", line 587, in _runCallbacks
    current.result = callback(current.result, *args, **kw)
  File "build/bdist.macosx-10.11-x86_64/egg/foreignScrape/pipelines.py", line 18, in process_item
NameError: global name 'json' is not defined
2016-10-20 15:08:12 [scrapy] DEBUG: Crawled (200) <GET https://history.state.gov//milestones/1750-1775> (referer: https://history.state.gov/historicaldocuments)
2016-10-20 15:08:12 [scrapy] ERROR: Error processing {}
Traceback (most recent call last):
  File "/usr/local/lib/python2.7/site-packages/twisted/internet/defer.py", line 587, in _runCallbacks
    current.result = callback(current.result, *args, **kw)
  File "build/bdist.macosx-10.11-x86_64/egg/foreignScrape/pipelines.py", line 18, in process_item
NameError: global name 'json' is not defined
2016-10-20 15:08:14 [scrapy] DEBUG: Crawled (200) <GET https://history.state.gov//milestones> (referer: https://history.state.gov/historicaldocuments)
2016-10-20 15:08:14 [scrapy] ERROR: Error processing {}
Traceback (most recent call last):
  File "/usr/local/lib/python2.7/site-packages/twisted/internet/defer.py", line 587, in _runCallbacks
    current.result = callback(current.result, *args, **kw)
  File "build/bdist.macosx-10.11-x86_64/egg/foreignScrape/pipelines.py", line 18, in process_item
NameError: global name 'json' is not defined
2016-10-20 15:08:17 [scrapy] DEBUG: Crawled (404) <GET https://history.state.gov/mailto:history@state.gov> (referer: https://history.state.gov/historicaldocuments)
2016-10-20 15:08:17 [scrapy] DEBUG: Ignoring response <404 https://history.state.gov/mailto:history@state.gov>: HTTP status code is not handled or not allowed
2016-10-20 15:08:18 [scrapy] DEBUG: Crawled (404) <GET https://history.state.gov/http://www.state.gov> (referer: https://history.state.gov/historicaldocuments)
2016-10-20 15:08:18 [scrapy] DEBUG: Ignoring response <404 https://history.state.gov/http://www.state.gov>: HTTP status code is not handled or not allowed
2016-10-20 15:08:21 [scrapy] DEBUG: Crawled (404) <GET https://history.state.gov/http://www.state.gov/misc/152386.htm> (referer: https://history.state.gov/historicaldocuments)
2016-10-20 15:08:21 [scrapy] DEBUG: Ignoring response <404 https://history.state.gov/http://www.state.gov/misc/152386.htm>: HTTP status code is not handled or not allowed
2016-10-20 15:08:24 [scrapy] DEBUG: Crawled (404) <GET https://history.state.gov/http://www.state.gov/misc/87529.htm#privacy> (referer: https://history.state.gov/historicaldocuments)
2016-10-20 15:08:24 [scrapy] DEBUG: Ignoring response <404 https://history.state.gov/http://www.state.gov/misc/87529.htm>: HTTP status code is not handled or not allowed
2016-10-20 15:08:26 [scrapy] DEBUG: Redirecting (302) to <GET https://history.state.gov/about> from <GET https://history.state.gov//about/>
2016-10-20 15:08:28 [scrapy] DEBUG: Redirecting (302) to <GET https://history.state.gov/milestones> from <GET https://history.state.gov//milestones/>
2016-10-20 15:08:30 [scrapy] DEBUG: Redirecting (302) to <GET https://history.state.gov/countries> from <GET https://history.state.gov//countries/>
2016-10-20 15:08:33 [scrapy] DEBUG: Redirecting (302) to <GET https://history.state.gov/departmenthistory> from <GET https://history.state.gov//departmenthistory/>
2016-10-20 15:08:36 [scrapy] DEBUG: Redirecting (302) to <GET https://history.state.gov/historicaldocuments> from <GET https://history.state.gov//historicaldocuments/>
2016-10-20 15:08:39 [scrapy] DEBUG: Crawled (200) <GET https://history.state.gov//search> (referer: https://history.state.gov/historicaldocuments)
2016-10-20 15:08:39 [scrapy] ERROR: Error processing {}
Traceback (most recent call last):
  File "/usr/local/lib/python2.7/site-packages/twisted/internet/defer.py", line 587, in _runCallbacks
    current.result = callback(current.result, *args, **kw)
  File "build/bdist.macosx-10.11-x86_64/egg/foreignScrape/pipelines.py", line 18, in process_item
NameError: global name 'json' is not defined
2016-10-20 15:08:41 [scrapy] DEBUG: Crawled (200) <GET https://history.state.gov//historicaldocuments/citing-frus> (referer: https://history.state.gov/historicaldocuments)
2016-10-20 15:08:41 [scrapy] ERROR: Error processing {}
Traceback (most recent call last):
  File "/usr/local/lib/python2.7/site-packages/twisted/internet/defer.py", line 587, in _runCallbacks
    current.result = callback(current.result, *args, **kw)
  File "build/bdist.macosx-10.11-x86_64/egg/foreignScrape/pipelines.py", line 18, in process_item
NameError: global name 'json' is not defined
2016-10-20 15:08:44 [scrapy] DEBUG: Crawled (200) <GET https://history.state.gov//search/tips> (referer: https://history.state.gov/historicaldocuments)
2016-10-20 15:08:44 [scrapy] ERROR: Error processing {}
Traceback (most recent call last):
  File "/usr/local/lib/python2.7/site-packages/twisted/internet/defer.py", line 587, in _runCallbacks
    current.result = callback(current.result, *args, **kw)
  File "build/bdist.macosx-10.11-x86_64/egg/foreignScrape/pipelines.py", line 18, in process_item
NameError: global name 'json' is not defined
2016-10-20 15:08:47 [scrapy] DEBUG: Crawled (200) <GET https://history.state.gov//historicaldocuments/guide-to-sources-on-vietnam-1969-1975> (referer: https://history.state.gov/historicaldocuments)
2016-10-20 15:08:47 [scrapy] ERROR: Error processing {}
Traceback (most recent call last):
  File "/usr/local/lib/python2.7/site-packages/twisted/internet/defer.py", line 587, in _runCallbacks
    current.result = callback(current.result, *args, **kw)
  File "build/bdist.macosx-10.11-x86_64/egg/foreignScrape/pipelines.py", line 18, in process_item
NameError: global name 'json' is not defined
2016-10-20 15:08:49 [scrapy] DEBUG: Crawled (200) <GET https://history.state.gov//historicaldocuments/other-electronic-resources> (referer: https://history.state.gov/historicaldocuments)
2016-10-20 15:08:49 [scrapy] ERROR: Error processing {}
Traceback (most recent call last):
  File "/usr/local/lib/python2.7/site-packages/twisted/internet/defer.py", line 587, in _runCallbacks
    current.result = callback(current.result, *args, **kw)
  File "build/bdist.macosx-10.11-x86_64/egg/foreignScrape/pipelines.py", line 18, in process_item
NameError: global name 'json' is not defined
2016-10-20 15:08:50 [scrapy] INFO: Crawled 43 pages (at 19 pages/min), scraped 0 items (at 0 items/min)
2016-10-20 15:08:52 [scrapy] DEBUG: Crawled (200) <GET https://history.state.gov//historicaldocuments/reagan> (referer: https://history.state.gov/historicaldocuments)
2016-10-20 15:08:52 [scrapy] ERROR: Error processing {}
Traceback (most recent call last):
  File "/usr/local/lib/python2.7/site-packages/twisted/internet/defer.py", line 587, in _runCallbacks
    current.result = callback(current.result, *args, **kw)
  File "build/bdist.macosx-10.11-x86_64/egg/foreignScrape/pipelines.py", line 18, in process_item
NameError: global name 'json' is not defined
2016-10-20 15:08:55 [scrapy] DEBUG: Crawled (200) <GET https://history.state.gov//historicaldocuments/carter> (referer: https://history.state.gov/historicaldocuments)
2016-10-20 15:08:55 [scrapy] ERROR: Error processing {}
Traceback (most recent call last):
  File "/usr/local/lib/python2.7/site-packages/twisted/internet/defer.py", line 587, in _runCallbacks
    current.result = callback(current.result, *args, **kw)
  File "build/bdist.macosx-10.11-x86_64/egg/foreignScrape/pipelines.py", line 18, in process_item
NameError: global name 'json' is not defined
2016-10-20 15:08:57 [scrapy] DEBUG: Crawled (200) <GET https://history.state.gov//historicaldocuments/nixon-ford> (referer: https://history.state.gov/historicaldocuments)
2016-10-20 15:08:58 [scrapy] ERROR: Error processing {}
Traceback (most recent call last):
  File "/usr/local/lib/python2.7/site-packages/twisted/internet/defer.py", line 587, in _runCallbacks
    current.result = callback(current.result, *args, **kw)
  File "build/bdist.macosx-10.11-x86_64/egg/foreignScrape/pipelines.py", line 18, in process_item
NameError: global name 'json' is not defined
2016-10-20 15:08:59 [scrapy] DEBUG: Crawled (200) <GET https://history.state.gov//historicaldocuments/johnson> (referer: https://history.state.gov/historicaldocuments)
2016-10-20 15:08:59 [scrapy] ERROR: Error processing {}
Traceback (most recent call last):
  File "/usr/local/lib/python2.7/site-packages/twisted/internet/defer.py", line 587, in _runCallbacks
    current.result = callback(current.result, *args, **kw)
  File "build/bdist.macosx-10.11-x86_64/egg/foreignScrape/pipelines.py", line 18, in process_item
NameError: global name 'json' is not defined
2016-10-20 15:08:59 [scrapy] INFO: Dumping Scrapy stats:
{'downloader/request_bytes': 22897,
 'downloader/request_count': 52,
 'downloader/request_method_count/GET': 52,
 'downloader/response_bytes': 247015,
 'downloader/response_count': 52,
 'downloader/response_status_count/200': 43,
 'downloader/response_status_count/302': 5,
 'downloader/response_status_count/404': 4,
 'dupefilter/filtered': 3476,
 'finish_reason': 'closespider_timeout',
 'finish_time': datetime.datetime(2016, 10, 20, 19, 8, 59, 878658),
 'log_count/DEBUG': 58,
 'log_count/ERROR': 42,
 'log_count/INFO': 9,
 'request_depth_max': 2,
 'response_received_count': 47,
 'scheduler/dequeued': 51,
 'scheduler/dequeued/memory': 51,
 'scheduler/enqueued': 613,
 'scheduler/enqueued/memory': 613,
 'start_time': datetime.datetime(2016, 10, 20, 19, 6, 50, 905351)}
2016-10-20 15:08:59 [scrapy] INFO: Spider closed (closespider_timeout)
