2016-10-06 14:40:48 [scrapy] INFO: Scrapy 1.1.2 started (bot: foreignScrape)
2016-10-06 14:40:48 [scrapy] INFO: Overridden settings: {'NEWSPIDER_MODULE': 'foreignScrape.spiders', 'FEED_URI': 'file:///Users/Ryan/PoliScrape/git/PoliScrape/poliScrapy/items/poliScrapy/history/65e5c0998bf411e6b643a45e60edbd8f.jl', 'CONCURRENT_REQUESTS': 32, 'CLOSESPIDER_ERRORCOUNT': 30, 'BOT_NAME': 'foreignScrape', 'CLOSESPIDER_TIMEOUT': 5, 'SPIDER_MODULES': ['foreignScrape.spiders'], 'ROBOTSTXT_OBEY': True, 'DEPTH_PRIORITY': 1, 'LOG_FILE': 'logs/poliScrapy/history/65e5c0998bf411e6b643a45e60edbd8f.log', 'DOWNLOAD_DELAY': 2}
2016-10-06 14:40:48 [scrapy] INFO: Enabled extensions:
['scrapy.extensions.feedexport.FeedExporter',
 'scrapy.extensions.telnet.TelnetConsole',
 'scrapy.extensions.corestats.CoreStats',
 'scrapy.extensions.closespider.CloseSpider',
 'scrapy.extensions.logstats.LogStats']
2016-10-06 14:40:48 [scrapy] INFO: Enabled downloader middlewares:
['scrapy.downloadermiddlewares.robotstxt.RobotsTxtMiddleware',
 'scrapy.downloadermiddlewares.httpauth.HttpAuthMiddleware',
 'scrapy.downloadermiddlewares.downloadtimeout.DownloadTimeoutMiddleware',
 'scrapy.downloadermiddlewares.useragent.UserAgentMiddleware',
 'scrapy.downloadermiddlewares.retry.RetryMiddleware',
 'scrapy.downloadermiddlewares.defaultheaders.DefaultHeadersMiddleware',
 'scrapy.downloadermiddlewares.redirect.MetaRefreshMiddleware',
 'scrapy.downloadermiddlewares.httpcompression.HttpCompressionMiddleware',
 'scrapy.downloadermiddlewares.redirect.RedirectMiddleware',
 'scrapy.downloadermiddlewares.cookies.CookiesMiddleware',
 'scrapy.downloadermiddlewares.chunked.ChunkedTransferMiddleware',
 'scrapy.downloadermiddlewares.stats.DownloaderStats']
2016-10-06 14:40:48 [scrapy] INFO: Enabled spider middlewares:
['scrapy.spidermiddlewares.httperror.HttpErrorMiddleware',
 'scrapy.spidermiddlewares.offsite.OffsiteMiddleware',
 'scrapy.spidermiddlewares.referer.RefererMiddleware',
 'scrapy.spidermiddlewares.urllength.UrlLengthMiddleware',
 'scrapy.spidermiddlewares.depth.DepthMiddleware']
2016-10-06 14:40:48 [scrapy] INFO: Enabled item pipelines:
[]
2016-10-06 14:40:48 [scrapy] INFO: Spider opened
2016-10-06 14:40:48 [scrapy] INFO: Crawled 0 pages (at 0 pages/min), scraped 0 items (at 0 items/min)
2016-10-06 14:40:48 [scrapy] DEBUG: Telnet console listening on 127.0.0.1:6023
2016-10-06 14:40:49 [scrapy] DEBUG: Crawled (200) <GET https://history.state.gov/robots.txt> (referer: None)
2016-10-06 14:40:51 [scrapy] DEBUG: Crawled (200) <GET https://history.state.gov/historicaldocuments> (referer: None)
2016-10-06 14:40:51 [scrapy] DEBUG: Filtered duplicate request: <GET https://history.state.gov//> - no more duplicates will be shown (see DUPEFILTER_DEBUG to show all duplicates)
2016-10-06 14:40:53 [scrapy] INFO: Closing spider (closespider_timeout)
2016-10-06 14:40:54 [scrapy] DEBUG: Crawled (200) <GET https://history.state.gov//about-the-beta> (referer: https://history.state.gov/historicaldocuments)
2016-10-06 14:40:57 [scrapy] DEBUG: Crawled (200) <GET https://history.state.gov//historicaldocuments/nixon-ford> (referer: https://history.state.gov/historicaldocuments)
2016-10-06 14:40:59 [scrapy] DEBUG: Crawled (200) <GET https://history.state.gov//historicaldocuments/johnson> (referer: https://history.state.gov/historicaldocuments)
2016-10-06 14:41:02 [scrapy] DEBUG: Crawled (200) <GET https://history.state.gov//historicaldocuments/kennedy> (referer: https://history.state.gov/historicaldocuments)
2016-10-06 14:41:05 [scrapy] DEBUG: Crawled (200) <GET https://history.state.gov//historicaldocuments/eisenhower> (referer: https://history.state.gov/historicaldocuments)
2016-10-06 14:41:07 [scrapy] DEBUG: Crawled (200) <GET https://history.state.gov//historicaldocuments/truman> (referer: https://history.state.gov/historicaldocuments)
2016-10-06 14:41:11 [scrapy] DEBUG: Crawled (200) <GET https://history.state.gov//historicaldocuments/pre-truman> (referer: https://history.state.gov/historicaldocuments)
2016-10-06 14:41:13 [scrapy] DEBUG: Crawled (200) <GET https://history.state.gov//search?within=documents> (referer: https://history.state.gov/historicaldocuments)
2016-10-06 14:41:16 [scrapy] DEBUG: Crawled (200) <GET https://history.state.gov//open> (referer: https://history.state.gov/historicaldocuments)
2016-10-06 14:41:18 [scrapy] DEBUG: Crawled (200) <GET https://history.state.gov//about/faq> (referer: https://history.state.gov/historicaldocuments)
2016-10-06 14:41:21 [scrapy] DEBUG: Crawled (200) <GET https://history.state.gov//education> (referer: https://history.state.gov/historicaldocuments)
2016-10-06 14:41:24 [scrapy] DEBUG: Crawled (200) <GET https://history.state.gov//developer> (referer: https://history.state.gov/historicaldocuments)
2016-10-06 14:41:27 [scrapy] DEBUG: Crawled (200) <GET https://history.state.gov//about/contact-us> (referer: https://history.state.gov/historicaldocuments)
2016-10-06 14:41:29 [scrapy] DEBUG: Crawled (200) <GET https://history.state.gov//conferences> (referer: https://history.state.gov/historicaldocuments)
2016-10-06 14:41:31 [scrapy] DEBUG: Crawled (200) <GET https://history.state.gov//tags> (referer: https://history.state.gov/historicaldocuments)
2016-10-06 14:41:34 [scrapy] DEBUG: Crawled (200) <GET https://history.state.gov//about> (referer: https://history.state.gov/historicaldocuments)
2016-10-06 14:41:37 [scrapy] DEBUG: Crawled (200) <GET https://history.state.gov/> (referer: https://history.state.gov/historicaldocuments)
2016-10-06 14:41:39 [scrapy] DEBUG: Crawled (200) <GET https://history.state.gov//countries/archives> (referer: https://history.state.gov/historicaldocuments)
2016-10-06 14:41:42 [scrapy] DEBUG: Crawled (200) <GET https://history.state.gov//countries> (referer: https://history.state.gov/historicaldocuments)
2016-10-06 14:41:45 [scrapy] DEBUG: Crawled (200) <GET https://history.state.gov//milestones/1993-2000> (referer: https://history.state.gov/historicaldocuments)
2016-10-06 14:41:47 [scrapy] DEBUG: Crawled (200) <GET https://history.state.gov//milestones/1989-1992> (referer: https://history.state.gov/historicaldocuments)
2016-10-06 14:41:48 [scrapy] INFO: Crawled 23 pages (at 23 pages/min), scraped 0 items (at 0 items/min)
2016-10-06 14:41:49 [scrapy] DEBUG: Crawled (200) <GET https://history.state.gov//milestones/1981-1988> (referer: https://history.state.gov/historicaldocuments)
2016-10-06 14:41:52 [scrapy] DEBUG: Crawled (200) <GET https://history.state.gov//milestones/1977-1980> (referer: https://history.state.gov/historicaldocuments)
2016-10-06 14:41:54 [scrapy] DEBUG: Crawled (200) <GET https://history.state.gov//milestones/1969-1976> (referer: https://history.state.gov/historicaldocuments)
2016-10-06 14:41:56 [scrapy] DEBUG: Crawled (200) <GET https://history.state.gov//milestones/1961-1968> (referer: https://history.state.gov/historicaldocuments)
2016-10-06 14:41:59 [scrapy] DEBUG: Crawled (200) <GET https://history.state.gov//milestones/1953-1960> (referer: https://history.state.gov/historicaldocuments)
2016-10-06 14:42:01 [scrapy] DEBUG: Crawled (200) <GET https://history.state.gov//milestones/1945-1952> (referer: https://history.state.gov/historicaldocuments)
2016-10-06 14:42:04 [scrapy] DEBUG: Crawled (200) <GET https://history.state.gov//milestones/1937-1945> (referer: https://history.state.gov/historicaldocuments)
2016-10-06 14:42:07 [scrapy] DEBUG: Crawled (200) <GET https://history.state.gov//milestones/1921-1936> (referer: https://history.state.gov/historicaldocuments)
2016-10-06 14:42:09 [scrapy] DEBUG: Crawled (200) <GET https://history.state.gov//milestones/1914-1920> (referer: https://history.state.gov/historicaldocuments)
2016-10-06 14:42:12 [scrapy] DEBUG: Crawled (200) <GET https://history.state.gov//milestones/1899-1913> (referer: https://history.state.gov/historicaldocuments)
2016-10-06 14:42:15 [scrapy] DEBUG: Crawled (200) <GET https://history.state.gov//milestones/1866-1898> (referer: https://history.state.gov/historicaldocuments)
2016-10-06 14:42:15 [scrapy] INFO: Dumping Scrapy stats:
{'downloader/request_bytes': 14838,
 'downloader/request_count': 34,
 'downloader/request_method_count/GET': 34,
 'downloader/response_bytes': 177307,
 'downloader/response_count': 34,
 'downloader/response_status_count/200': 34,
 'dupefilter/filtered': 2725,
 'finish_reason': 'closespider_timeout',
 'finish_time': datetime.datetime(2016, 10, 6, 18, 42, 15, 608233),
 'log_count/DEBUG': 36,
 'log_count/INFO': 8,
 'request_depth_max': 2,
 'response_received_count': 34,
 'scheduler/dequeued': 33,
 'scheduler/dequeued/memory': 33,
 'scheduler/enqueued': 861,
 'scheduler/enqueued/memory': 861,
 'start_time': datetime.datetime(2016, 10, 6, 18, 40, 48, 955482)}
2016-10-06 14:42:15 [scrapy] INFO: Spider closed (closespider_timeout)
