2016-10-20 15:07:20 [scrapy] INFO: Scrapy 1.1.2 started (bot: foreignScrape)
2016-10-20 15:07:20 [scrapy] INFO: Overridden settings: {'NEWSPIDER_MODULE': 'foreignScrape.spiders', 'FEED_URI': 'file:///private/var/www/PoliScrape/git/PoliScrape/poliScrapy/items/poliScrapy/history/6c56814c96f811e68165a45e60edbd8f.jl', 'CONCURRENT_REQUESTS': 32, 'CLOSESPIDER_ERRORCOUNT': 30, 'BOT_NAME': 'foreignScrape', 'CLOSESPIDER_TIMEOUT': 50, 'SPIDER_MODULES': ['foreignScrape.spiders'], 'ROBOTSTXT_OBEY': True, 'DEPTH_PRIORITY': 1, 'LOG_FILE': 'logs/poliScrapy/history/6c56814c96f811e68165a45e60edbd8f.log', 'DOWNLOAD_DELAY': 2}
2016-10-20 15:07:20 [scrapy] INFO: Enabled extensions:
['scrapy.extensions.feedexport.FeedExporter',
 'scrapy.extensions.telnet.TelnetConsole',
 'scrapy.extensions.corestats.CoreStats',
 'scrapy.extensions.closespider.CloseSpider',
 'scrapy.extensions.logstats.LogStats']
2016-10-20 15:07:20 [scrapy] INFO: Enabled downloader middlewares:
['scrapy.downloadermiddlewares.robotstxt.RobotsTxtMiddleware',
 'scrapy.downloadermiddlewares.httpauth.HttpAuthMiddleware',
 'scrapy.downloadermiddlewares.downloadtimeout.DownloadTimeoutMiddleware',
 'scrapy.downloadermiddlewares.useragent.UserAgentMiddleware',
 'scrapy.downloadermiddlewares.retry.RetryMiddleware',
 'scrapy.downloadermiddlewares.defaultheaders.DefaultHeadersMiddleware',
 'scrapy.downloadermiddlewares.redirect.MetaRefreshMiddleware',
 'scrapy.downloadermiddlewares.httpcompression.HttpCompressionMiddleware',
 'scrapy.downloadermiddlewares.redirect.RedirectMiddleware',
 'scrapy.downloadermiddlewares.cookies.CookiesMiddleware',
 'scrapy.downloadermiddlewares.chunked.ChunkedTransferMiddleware',
 'scrapy.downloadermiddlewares.stats.DownloaderStats']
2016-10-20 15:07:20 [scrapy] INFO: Enabled spider middlewares:
['scrapy.spidermiddlewares.httperror.HttpErrorMiddleware',
 'scrapy.spidermiddlewares.offsite.OffsiteMiddleware',
 'scrapy.spidermiddlewares.referer.RefererMiddleware',
 'scrapy.spidermiddlewares.urllength.UrlLengthMiddleware',
 'scrapy.spidermiddlewares.depth.DepthMiddleware']
2016-10-20 15:07:20 [scrapy] INFO: Enabled item pipelines:
['foreignScrape.pipelines.JsonWriterPipeline']
2016-10-20 15:07:20 [scrapy] INFO: Spider opened
2016-10-20 15:07:20 [scrapy] INFO: Crawled 0 pages (at 0 pages/min), scraped 0 items (at 0 items/min)
2016-10-20 15:07:20 [scrapy] DEBUG: Telnet console listening on 127.0.0.1:6024
2016-10-20 15:07:21 [scrapy] DEBUG: Crawled (200) <GET https://history.state.gov/robots.txt> (referer: None)
2016-10-20 15:07:24 [scrapy] DEBUG: Crawled (200) <GET https://history.state.gov/historicaldocuments> (referer: None)
2016-10-20 15:07:24 [scrapy] DEBUG: Filtered duplicate request: <GET https://history.state.gov//> - no more duplicates will be shown (see DUPEFILTER_DEBUG to show all duplicates)
2016-10-20 15:07:24 [scrapy] ERROR: Error processing {}
Traceback (most recent call last):
  File "/usr/local/lib/python2.7/site-packages/twisted/internet/defer.py", line 587, in _runCallbacks
    current.result = callback(current.result, *args, **kw)
  File "build/bdist.macosx-10.11-x86_64/egg/foreignScrape/pipelines.py", line 20, in process_item
AttributeError: 'JsonWriterPipeline' object has no attribute 'file'
2016-10-20 15:07:25 [scrapy] DEBUG: Crawled (200) <GET https://history.state.gov//about-the-beta> (referer: https://history.state.gov/historicaldocuments)
2016-10-20 15:07:25 [scrapy] ERROR: Error processing {}
Traceback (most recent call last):
  File "/usr/local/lib/python2.7/site-packages/twisted/internet/defer.py", line 587, in _runCallbacks
    current.result = callback(current.result, *args, **kw)
  File "build/bdist.macosx-10.11-x86_64/egg/foreignScrape/pipelines.py", line 20, in process_item
AttributeError: 'JsonWriterPipeline' object has no attribute 'file'
2016-10-20 15:07:28 [scrapy] DEBUG: Crawled (200) <GET https://history.state.gov/> (referer: https://history.state.gov/historicaldocuments)
2016-10-20 15:07:28 [scrapy] ERROR: Error processing {}
Traceback (most recent call last):
  File "/usr/local/lib/python2.7/site-packages/twisted/internet/defer.py", line 587, in _runCallbacks
    current.result = callback(current.result, *args, **kw)
  File "build/bdist.macosx-10.11-x86_64/egg/foreignScrape/pipelines.py", line 20, in process_item
AttributeError: 'JsonWriterPipeline' object has no attribute 'file'
2016-10-20 15:07:30 [scrapy] DEBUG: Crawled (200) <GET https://history.state.gov//countries/archives> (referer: https://history.state.gov/historicaldocuments)
2016-10-20 15:07:30 [scrapy] ERROR: Error processing {}
Traceback (most recent call last):
  File "/usr/local/lib/python2.7/site-packages/twisted/internet/defer.py", line 587, in _runCallbacks
    current.result = callback(current.result, *args, **kw)
  File "build/bdist.macosx-10.11-x86_64/egg/foreignScrape/pipelines.py", line 20, in process_item
AttributeError: 'JsonWriterPipeline' object has no attribute 'file'
2016-10-20 15:07:33 [scrapy] DEBUG: Crawled (200) <GET https://history.state.gov//countries> (referer: https://history.state.gov/historicaldocuments)
2016-10-20 15:07:33 [scrapy] ERROR: Error processing {}
Traceback (most recent call last):
  File "/usr/local/lib/python2.7/site-packages/twisted/internet/defer.py", line 587, in _runCallbacks
    current.result = callback(current.result, *args, **kw)
  File "build/bdist.macosx-10.11-x86_64/egg/foreignScrape/pipelines.py", line 20, in process_item
AttributeError: 'JsonWriterPipeline' object has no attribute 'file'
2016-10-20 15:07:35 [scrapy] DEBUG: Crawled (200) <GET https://history.state.gov//milestones/1993-2000> (referer: https://history.state.gov/historicaldocuments)
2016-10-20 15:07:36 [scrapy] ERROR: Error processing {}
Traceback (most recent call last):
  File "/usr/local/lib/python2.7/site-packages/twisted/internet/defer.py", line 587, in _runCallbacks
    current.result = callback(current.result, *args, **kw)
  File "build/bdist.macosx-10.11-x86_64/egg/foreignScrape/pipelines.py", line 20, in process_item
AttributeError: 'JsonWriterPipeline' object has no attribute 'file'
2016-10-20 15:07:38 [scrapy] DEBUG: Crawled (200) <GET https://history.state.gov//milestones/1989-1992> (referer: https://history.state.gov/historicaldocuments)
2016-10-20 15:07:39 [scrapy] ERROR: Error processing {}
Traceback (most recent call last):
  File "/usr/local/lib/python2.7/site-packages/twisted/internet/defer.py", line 587, in _runCallbacks
    current.result = callback(current.result, *args, **kw)
  File "build/bdist.macosx-10.11-x86_64/egg/foreignScrape/pipelines.py", line 20, in process_item
AttributeError: 'JsonWriterPipeline' object has no attribute 'file'
2016-10-20 15:07:41 [scrapy] DEBUG: Crawled (200) <GET https://history.state.gov//milestones/1981-1988> (referer: https://history.state.gov/historicaldocuments)
2016-10-20 15:07:41 [scrapy] ERROR: Error processing {}
Traceback (most recent call last):
  File "/usr/local/lib/python2.7/site-packages/twisted/internet/defer.py", line 587, in _runCallbacks
    current.result = callback(current.result, *args, **kw)
  File "build/bdist.macosx-10.11-x86_64/egg/foreignScrape/pipelines.py", line 20, in process_item
AttributeError: 'JsonWriterPipeline' object has no attribute 'file'
2016-10-20 15:07:43 [scrapy] DEBUG: Crawled (200) <GET https://history.state.gov//milestones/1977-1980> (referer: https://history.state.gov/historicaldocuments)
2016-10-20 15:07:44 [scrapy] ERROR: Error processing {}
Traceback (most recent call last):
  File "/usr/local/lib/python2.7/site-packages/twisted/internet/defer.py", line 587, in _runCallbacks
    current.result = callback(current.result, *args, **kw)
  File "build/bdist.macosx-10.11-x86_64/egg/foreignScrape/pipelines.py", line 20, in process_item
AttributeError: 'JsonWriterPipeline' object has no attribute 'file'
2016-10-20 15:07:45 [scrapy] DEBUG: Crawled (200) <GET https://history.state.gov//milestones/1969-1976> (referer: https://history.state.gov/historicaldocuments)
2016-10-20 15:07:46 [scrapy] ERROR: Error processing {}
Traceback (most recent call last):
  File "/usr/local/lib/python2.7/site-packages/twisted/internet/defer.py", line 587, in _runCallbacks
    current.result = callback(current.result, *args, **kw)
  File "build/bdist.macosx-10.11-x86_64/egg/foreignScrape/pipelines.py", line 20, in process_item
AttributeError: 'JsonWriterPipeline' object has no attribute 'file'
2016-10-20 15:07:48 [scrapy] DEBUG: Crawled (200) <GET https://history.state.gov//milestones/1961-1968> (referer: https://history.state.gov/historicaldocuments)
2016-10-20 15:07:48 [scrapy] ERROR: Error processing {}
Traceback (most recent call last):
  File "/usr/local/lib/python2.7/site-packages/twisted/internet/defer.py", line 587, in _runCallbacks
    current.result = callback(current.result, *args, **kw)
  File "build/bdist.macosx-10.11-x86_64/egg/foreignScrape/pipelines.py", line 20, in process_item
AttributeError: 'JsonWriterPipeline' object has no attribute 'file'
2016-10-20 15:07:50 [scrapy] DEBUG: Crawled (200) <GET https://history.state.gov//milestones/1953-1960> (referer: https://history.state.gov/historicaldocuments)
2016-10-20 15:07:51 [scrapy] ERROR: Error processing {}
Traceback (most recent call last):
  File "/usr/local/lib/python2.7/site-packages/twisted/internet/defer.py", line 587, in _runCallbacks
    current.result = callback(current.result, *args, **kw)
  File "build/bdist.macosx-10.11-x86_64/egg/foreignScrape/pipelines.py", line 20, in process_item
AttributeError: 'JsonWriterPipeline' object has no attribute 'file'
2016-10-20 15:07:52 [scrapy] DEBUG: Crawled (200) <GET https://history.state.gov//milestones/1945-1952> (referer: https://history.state.gov/historicaldocuments)
2016-10-20 15:07:52 [scrapy] ERROR: Error processing {}
Traceback (most recent call last):
  File "/usr/local/lib/python2.7/site-packages/twisted/internet/defer.py", line 587, in _runCallbacks
    current.result = callback(current.result, *args, **kw)
  File "build/bdist.macosx-10.11-x86_64/egg/foreignScrape/pipelines.py", line 20, in process_item
AttributeError: 'JsonWriterPipeline' object has no attribute 'file'
2016-10-20 15:07:54 [scrapy] DEBUG: Crawled (200) <GET https://history.state.gov//milestones/1937-1945> (referer: https://history.state.gov/historicaldocuments)
2016-10-20 15:07:54 [scrapy] ERROR: Error processing {}
Traceback (most recent call last):
  File "/usr/local/lib/python2.7/site-packages/twisted/internet/defer.py", line 587, in _runCallbacks
    current.result = callback(current.result, *args, **kw)
  File "build/bdist.macosx-10.11-x86_64/egg/foreignScrape/pipelines.py", line 20, in process_item
AttributeError: 'JsonWriterPipeline' object has no attribute 'file'
2016-10-20 15:07:57 [scrapy] DEBUG: Crawled (200) <GET https://history.state.gov//milestones/1921-1936> (referer: https://history.state.gov/historicaldocuments)
2016-10-20 15:07:57 [scrapy] ERROR: Error processing {}
Traceback (most recent call last):
  File "/usr/local/lib/python2.7/site-packages/twisted/internet/defer.py", line 587, in _runCallbacks
    current.result = callback(current.result, *args, **kw)
  File "build/bdist.macosx-10.11-x86_64/egg/foreignScrape/pipelines.py", line 20, in process_item
AttributeError: 'JsonWriterPipeline' object has no attribute 'file'
2016-10-20 15:07:59 [scrapy] DEBUG: Crawled (200) <GET https://history.state.gov//milestones/1914-1920> (referer: https://history.state.gov/historicaldocuments)
2016-10-20 15:07:59 [scrapy] ERROR: Error processing {}
Traceback (most recent call last):
  File "/usr/local/lib/python2.7/site-packages/twisted/internet/defer.py", line 587, in _runCallbacks
    current.result = callback(current.result, *args, **kw)
  File "build/bdist.macosx-10.11-x86_64/egg/foreignScrape/pipelines.py", line 20, in process_item
AttributeError: 'JsonWriterPipeline' object has no attribute 'file'
2016-10-20 15:08:01 [scrapy] DEBUG: Crawled (200) <GET https://history.state.gov//milestones/1899-1913> (referer: https://history.state.gov/historicaldocuments)
2016-10-20 15:08:01 [scrapy] ERROR: Error processing {}
Traceback (most recent call last):
  File "/usr/local/lib/python2.7/site-packages/twisted/internet/defer.py", line 587, in _runCallbacks
    current.result = callback(current.result, *args, **kw)
  File "build/bdist.macosx-10.11-x86_64/egg/foreignScrape/pipelines.py", line 20, in process_item
AttributeError: 'JsonWriterPipeline' object has no attribute 'file'
2016-10-20 15:08:04 [scrapy] DEBUG: Crawled (200) <GET https://history.state.gov//milestones/1866-1898> (referer: https://history.state.gov/historicaldocuments)
2016-10-20 15:08:04 [scrapy] ERROR: Error processing {}
Traceback (most recent call last):
  File "/usr/local/lib/python2.7/site-packages/twisted/internet/defer.py", line 587, in _runCallbacks
    current.result = callback(current.result, *args, **kw)
  File "build/bdist.macosx-10.11-x86_64/egg/foreignScrape/pipelines.py", line 20, in process_item
AttributeError: 'JsonWriterPipeline' object has no attribute 'file'
2016-10-20 15:08:06 [scrapy] DEBUG: Crawled (200) <GET https://history.state.gov//milestones/1861-1865> (referer: https://history.state.gov/historicaldocuments)
2016-10-20 15:08:06 [scrapy] ERROR: Error processing {}
Traceback (most recent call last):
  File "/usr/local/lib/python2.7/site-packages/twisted/internet/defer.py", line 587, in _runCallbacks
    current.result = callback(current.result, *args, **kw)
  File "build/bdist.macosx-10.11-x86_64/egg/foreignScrape/pipelines.py", line 20, in process_item
AttributeError: 'JsonWriterPipeline' object has no attribute 'file'
2016-10-20 15:08:08 [scrapy] DEBUG: Crawled (200) <GET https://history.state.gov//milestones/1830-1860> (referer: https://history.state.gov/historicaldocuments)
2016-10-20 15:08:08 [scrapy] ERROR: Error processing {}
Traceback (most recent call last):
  File "/usr/local/lib/python2.7/site-packages/twisted/internet/defer.py", line 587, in _runCallbacks
    current.result = callback(current.result, *args, **kw)
  File "build/bdist.macosx-10.11-x86_64/egg/foreignScrape/pipelines.py", line 20, in process_item
AttributeError: 'JsonWriterPipeline' object has no attribute 'file'
2016-10-20 15:08:10 [scrapy] INFO: Closing spider (closespider_timeout)
2016-10-20 15:08:11 [scrapy] DEBUG: Crawled (200) <GET https://history.state.gov//milestones/1801-1829> (referer: https://history.state.gov/historicaldocuments)
2016-10-20 15:08:11 [scrapy] ERROR: Error processing {}
Traceback (most recent call last):
  File "/usr/local/lib/python2.7/site-packages/twisted/internet/defer.py", line 587, in _runCallbacks
    current.result = callback(current.result, *args, **kw)
  File "build/bdist.macosx-10.11-x86_64/egg/foreignScrape/pipelines.py", line 20, in process_item
AttributeError: 'JsonWriterPipeline' object has no attribute 'file'
2016-10-20 15:08:12 [scrapy] DEBUG: Crawled (200) <GET https://history.state.gov//milestones/1784-1800> (referer: https://history.state.gov/historicaldocuments)
2016-10-20 15:08:12 [scrapy] ERROR: Error processing {}
Traceback (most recent call last):
  File "/usr/local/lib/python2.7/site-packages/twisted/internet/defer.py", line 587, in _runCallbacks
    current.result = callback(current.result, *args, **kw)
  File "build/bdist.macosx-10.11-x86_64/egg/foreignScrape/pipelines.py", line 20, in process_item
AttributeError: 'JsonWriterPipeline' object has no attribute 'file'
2016-10-20 15:08:15 [scrapy] DEBUG: Crawled (200) <GET https://history.state.gov//milestones/1776-1783> (referer: https://history.state.gov/historicaldocuments)
2016-10-20 15:08:15 [scrapy] ERROR: Error processing {}
Traceback (most recent call last):
  File "/usr/local/lib/python2.7/site-packages/twisted/internet/defer.py", line 587, in _runCallbacks
    current.result = callback(current.result, *args, **kw)
  File "build/bdist.macosx-10.11-x86_64/egg/foreignScrape/pipelines.py", line 20, in process_item
AttributeError: 'JsonWriterPipeline' object has no attribute 'file'
2016-10-20 15:08:18 [scrapy] DEBUG: Crawled (200) <GET https://history.state.gov//milestones/1750-1775> (referer: https://history.state.gov/historicaldocuments)
2016-10-20 15:08:18 [scrapy] ERROR: Error processing {}
Traceback (most recent call last):
  File "/usr/local/lib/python2.7/site-packages/twisted/internet/defer.py", line 587, in _runCallbacks
    current.result = callback(current.result, *args, **kw)
  File "build/bdist.macosx-10.11-x86_64/egg/foreignScrape/pipelines.py", line 20, in process_item
AttributeError: 'JsonWriterPipeline' object has no attribute 'file'
2016-10-20 15:08:20 [scrapy] DEBUG: Crawled (200) <GET https://history.state.gov//milestones> (referer: https://history.state.gov/historicaldocuments)
2016-10-20 15:08:20 [scrapy] INFO: Crawled 26 pages (at 26 pages/min), scraped 0 items (at 0 items/min)
2016-10-20 15:08:21 [scrapy] ERROR: Error processing {}
Traceback (most recent call last):
  File "/usr/local/lib/python2.7/site-packages/twisted/internet/defer.py", line 587, in _runCallbacks
    current.result = callback(current.result, *args, **kw)
  File "build/bdist.macosx-10.11-x86_64/egg/foreignScrape/pipelines.py", line 20, in process_item
AttributeError: 'JsonWriterPipeline' object has no attribute 'file'
2016-10-20 15:08:23 [scrapy] DEBUG: Crawled (200) <GET https://history.state.gov//departmenthistory/diplomatic-couriers> (referer: https://history.state.gov/historicaldocuments)
2016-10-20 15:08:23 [scrapy] ERROR: Error processing {}
Traceback (most recent call last):
  File "/usr/local/lib/python2.7/site-packages/twisted/internet/defer.py", line 587, in _runCallbacks
    current.result = callback(current.result, *args, **kw)
  File "build/bdist.macosx-10.11-x86_64/egg/foreignScrape/pipelines.py", line 20, in process_item
AttributeError: 'JsonWriterPipeline' object has no attribute 'file'
2016-10-20 15:08:26 [scrapy] DEBUG: Crawled (200) <GET https://history.state.gov//departmenthistory/buildings> (referer: https://history.state.gov/historicaldocuments)
2016-10-20 15:08:26 [scrapy] ERROR: Error processing {}
Traceback (most recent call last):
  File "/usr/local/lib/python2.7/site-packages/twisted/internet/defer.py", line 587, in _runCallbacks
    current.result = callback(current.result, *args, **kw)
  File "build/bdist.macosx-10.11-x86_64/egg/foreignScrape/pipelines.py", line 20, in process_item
AttributeError: 'JsonWriterPipeline' object has no attribute 'file'
2016-10-20 15:08:29 [scrapy] DEBUG: Crawled (200) <GET https://history.state.gov//departmenthistory/wwi> (referer: https://history.state.gov/historicaldocuments)
2016-10-20 15:08:29 [scrapy] ERROR: Error processing {}
Traceback (most recent call last):
  File "/usr/local/lib/python2.7/site-packages/twisted/internet/defer.py", line 587, in _runCallbacks
    current.result = callback(current.result, *args, **kw)
  File "build/bdist.macosx-10.11-x86_64/egg/foreignScrape/pipelines.py", line 20, in process_item
AttributeError: 'JsonWriterPipeline' object has no attribute 'file'
2016-10-20 15:08:31 [scrapy] DEBUG: Crawled (200) <GET https://history.state.gov//departmenthistory/visits> (referer: https://history.state.gov/historicaldocuments)
2016-10-20 15:08:32 [scrapy] ERROR: Error processing {}
Traceback (most recent call last):
  File "/usr/local/lib/python2.7/site-packages/twisted/internet/defer.py", line 587, in _runCallbacks
    current.result = callback(current.result, *args, **kw)
  File "build/bdist.macosx-10.11-x86_64/egg/foreignScrape/pipelines.py", line 20, in process_item
AttributeError: 'JsonWriterPipeline' object has no attribute 'file'
2016-10-20 15:08:33 [scrapy] DEBUG: Crawled (200) <GET https://history.state.gov//departmenthistory/travels/president> (referer: https://history.state.gov/historicaldocuments)
2016-10-20 15:08:33 [scrapy] ERROR: Error processing {}
Traceback (most recent call last):
  File "/usr/local/lib/python2.7/site-packages/twisted/internet/defer.py", line 587, in _runCallbacks
    current.result = callback(current.result, *args, **kw)
  File "build/bdist.macosx-10.11-x86_64/egg/foreignScrape/pipelines.py", line 20, in process_item
AttributeError: 'JsonWriterPipeline' object has no attribute 'file'
2016-10-20 15:08:36 [scrapy] DEBUG: Crawled (200) <GET https://history.state.gov//departmenthistory/travels/secretary> (referer: https://history.state.gov/historicaldocuments)
2016-10-20 15:08:36 [scrapy] ERROR: Error processing {}
Traceback (most recent call last):
  File "/usr/local/lib/python2.7/site-packages/twisted/internet/defer.py", line 587, in _runCallbacks
    current.result = callback(current.result, *args, **kw)
  File "build/bdist.macosx-10.11-x86_64/egg/foreignScrape/pipelines.py", line 20, in process_item
AttributeError: 'JsonWriterPipeline' object has no attribute 'file'
2016-10-20 15:08:38 [scrapy] DEBUG: Crawled (200) <GET https://history.state.gov//departmenthistory/people/principals-chiefs> (referer: https://history.state.gov/historicaldocuments)
2016-10-20 15:08:38 [scrapy] ERROR: Error processing {}
Traceback (most recent call last):
  File "/usr/local/lib/python2.7/site-packages/twisted/internet/defer.py", line 587, in _runCallbacks
    current.result = callback(current.result, *args, **kw)
  File "build/bdist.macosx-10.11-x86_64/egg/foreignScrape/pipelines.py", line 20, in process_item
AttributeError: 'JsonWriterPipeline' object has no attribute 'file'
2016-10-20 15:08:40 [scrapy] DEBUG: Crawled (200) <GET https://history.state.gov//departmenthistory/people/secretaries> (referer: https://history.state.gov/historicaldocuments)
2016-10-20 15:08:40 [scrapy] ERROR: Error processing {}
Traceback (most recent call last):
  File "/usr/local/lib/python2.7/site-packages/twisted/internet/defer.py", line 587, in _runCallbacks
    current.result = callback(current.result, *args, **kw)
  File "build/bdist.macosx-10.11-x86_64/egg/foreignScrape/pipelines.py", line 20, in process_item
AttributeError: 'JsonWriterPipeline' object has no attribute 'file'
2016-10-20 15:08:42 [scrapy] DEBUG: Crawled (404) <GET https://history.state.gov/mailto:history@state.gov> (referer: https://history.state.gov/historicaldocuments)
2016-10-20 15:08:42 [scrapy] DEBUG: Ignoring response <404 https://history.state.gov/mailto:history@state.gov>: HTTP status code is not handled or not allowed
2016-10-20 15:08:45 [scrapy] DEBUG: Crawled (404) <GET https://history.state.gov/http://www.state.gov> (referer: https://history.state.gov/historicaldocuments)
2016-10-20 15:08:45 [scrapy] DEBUG: Ignoring response <404 https://history.state.gov/http://www.state.gov>: HTTP status code is not handled or not allowed
2016-10-20 15:08:47 [scrapy] DEBUG: Crawled (404) <GET https://history.state.gov/http://www.state.gov/misc/152386.htm> (referer: https://history.state.gov/historicaldocuments)
2016-10-20 15:08:47 [scrapy] DEBUG: Ignoring response <404 https://history.state.gov/http://www.state.gov/misc/152386.htm>: HTTP status code is not handled or not allowed
2016-10-20 15:08:50 [scrapy] DEBUG: Crawled (404) <GET https://history.state.gov/http://www.state.gov/misc/87529.htm#privacy> (referer: https://history.state.gov/historicaldocuments)
2016-10-20 15:08:50 [scrapy] DEBUG: Ignoring response <404 https://history.state.gov/http://www.state.gov/misc/87529.htm>: HTTP status code is not handled or not allowed
2016-10-20 15:08:52 [scrapy] DEBUG: Redirecting (302) to <GET https://history.state.gov/about> from <GET https://history.state.gov//about/>
2016-10-20 15:08:55 [scrapy] DEBUG: Redirecting (302) to <GET https://history.state.gov/milestones> from <GET https://history.state.gov//milestones/>
2016-10-20 15:08:58 [scrapy] DEBUG: Redirecting (302) to <GET https://history.state.gov/countries> from <GET https://history.state.gov//countries/>
2016-10-20 15:09:00 [scrapy] DEBUG: Redirecting (302) to <GET https://history.state.gov/departmenthistory> from <GET https://history.state.gov//departmenthistory/>
2016-10-20 15:09:03 [scrapy] DEBUG: Redirecting (302) to <GET https://history.state.gov/historicaldocuments> from <GET https://history.state.gov//historicaldocuments/>
2016-10-20 15:09:06 [scrapy] DEBUG: Crawled (200) <GET https://history.state.gov//search> (referer: https://history.state.gov/historicaldocuments)
2016-10-20 15:09:06 [scrapy] ERROR: Error processing {}
Traceback (most recent call last):
  File "/usr/local/lib/python2.7/site-packages/twisted/internet/defer.py", line 587, in _runCallbacks
    current.result = callback(current.result, *args, **kw)
  File "build/bdist.macosx-10.11-x86_64/egg/foreignScrape/pipelines.py", line 20, in process_item
AttributeError: 'JsonWriterPipeline' object has no attribute 'file'
2016-10-20 15:09:09 [scrapy] DEBUG: Crawled (200) <GET https://history.state.gov//historicaldocuments/citing-frus> (referer: https://history.state.gov/historicaldocuments)
2016-10-20 15:09:09 [scrapy] ERROR: Error processing {}
Traceback (most recent call last):
  File "/usr/local/lib/python2.7/site-packages/twisted/internet/defer.py", line 587, in _runCallbacks
    current.result = callback(current.result, *args, **kw)
  File "build/bdist.macosx-10.11-x86_64/egg/foreignScrape/pipelines.py", line 20, in process_item
AttributeError: 'JsonWriterPipeline' object has no attribute 'file'
2016-10-20 15:09:11 [scrapy] DEBUG: Crawled (200) <GET https://history.state.gov//search/tips> (referer: https://history.state.gov/historicaldocuments)
2016-10-20 15:09:11 [scrapy] ERROR: Error processing {}
Traceback (most recent call last):
  File "/usr/local/lib/python2.7/site-packages/twisted/internet/defer.py", line 587, in _runCallbacks
    current.result = callback(current.result, *args, **kw)
  File "build/bdist.macosx-10.11-x86_64/egg/foreignScrape/pipelines.py", line 20, in process_item
AttributeError: 'JsonWriterPipeline' object has no attribute 'file'
2016-10-20 15:09:14 [scrapy] DEBUG: Crawled (200) <GET https://history.state.gov//historicaldocuments/guide-to-sources-on-vietnam-1969-1975> (referer: https://history.state.gov/historicaldocuments)
2016-10-20 15:09:14 [scrapy] ERROR: Error processing {}
Traceback (most recent call last):
  File "/usr/local/lib/python2.7/site-packages/twisted/internet/defer.py", line 587, in _runCallbacks
    current.result = callback(current.result, *args, **kw)
  File "build/bdist.macosx-10.11-x86_64/egg/foreignScrape/pipelines.py", line 20, in process_item
AttributeError: 'JsonWriterPipeline' object has no attribute 'file'
2016-10-20 15:09:15 [scrapy] DEBUG: Crawled (200) <GET https://history.state.gov//historicaldocuments/other-electronic-resources> (referer: https://history.state.gov/historicaldocuments)
2016-10-20 15:09:15 [scrapy] ERROR: Error processing {}
Traceback (most recent call last):
  File "/usr/local/lib/python2.7/site-packages/twisted/internet/defer.py", line 587, in _runCallbacks
    current.result = callback(current.result, *args, **kw)
  File "build/bdist.macosx-10.11-x86_64/egg/foreignScrape/pipelines.py", line 20, in process_item
AttributeError: 'JsonWriterPipeline' object has no attribute 'file'
2016-10-20 15:09:17 [scrapy] DEBUG: Crawled (200) <GET https://history.state.gov//historicaldocuments/reagan> (referer: https://history.state.gov/historicaldocuments)
2016-10-20 15:09:18 [scrapy] ERROR: Error processing {}
Traceback (most recent call last):
  File "/usr/local/lib/python2.7/site-packages/twisted/internet/defer.py", line 587, in _runCallbacks
    current.result = callback(current.result, *args, **kw)
  File "build/bdist.macosx-10.11-x86_64/egg/foreignScrape/pipelines.py", line 20, in process_item
AttributeError: 'JsonWriterPipeline' object has no attribute 'file'
2016-10-20 15:09:20 [scrapy] DEBUG: Crawled (200) <GET https://history.state.gov//historicaldocuments/carter> (referer: https://history.state.gov/historicaldocuments)
2016-10-20 15:09:20 [scrapy] INFO: Crawled 45 pages (at 19 pages/min), scraped 0 items (at 0 items/min)
2016-10-20 15:09:21 [scrapy] ERROR: Error processing {}
Traceback (most recent call last):
  File "/usr/local/lib/python2.7/site-packages/twisted/internet/defer.py", line 587, in _runCallbacks
    current.result = callback(current.result, *args, **kw)
  File "build/bdist.macosx-10.11-x86_64/egg/foreignScrape/pipelines.py", line 20, in process_item
AttributeError: 'JsonWriterPipeline' object has no attribute 'file'
2016-10-20 15:09:22 [scrapy] DEBUG: Crawled (200) <GET https://history.state.gov//historicaldocuments/nixon-ford> (referer: https://history.state.gov/historicaldocuments)
2016-10-20 15:09:23 [scrapy] ERROR: Error processing {}
Traceback (most recent call last):
  File "/usr/local/lib/python2.7/site-packages/twisted/internet/defer.py", line 587, in _runCallbacks
    current.result = callback(current.result, *args, **kw)
  File "build/bdist.macosx-10.11-x86_64/egg/foreignScrape/pipelines.py", line 20, in process_item
AttributeError: 'JsonWriterPipeline' object has no attribute 'file'
2016-10-20 15:09:25 [scrapy] DEBUG: Crawled (200) <GET https://history.state.gov//historicaldocuments/johnson> (referer: https://history.state.gov/historicaldocuments)
2016-10-20 15:09:26 [scrapy] ERROR: Error processing {}
Traceback (most recent call last):
  File "/usr/local/lib/python2.7/site-packages/twisted/internet/defer.py", line 587, in _runCallbacks
    current.result = callback(current.result, *args, **kw)
  File "build/bdist.macosx-10.11-x86_64/egg/foreignScrape/pipelines.py", line 20, in process_item
AttributeError: 'JsonWriterPipeline' object has no attribute 'file'
2016-10-20 15:09:28 [scrapy] DEBUG: Crawled (200) <GET https://history.state.gov//historicaldocuments/kennedy> (referer: https://history.state.gov/historicaldocuments)
2016-10-20 15:09:28 [scrapy] ERROR: Error processing {}
Traceback (most recent call last):
  File "/usr/local/lib/python2.7/site-packages/twisted/internet/defer.py", line 587, in _runCallbacks
    current.result = callback(current.result, *args, **kw)
  File "build/bdist.macosx-10.11-x86_64/egg/foreignScrape/pipelines.py", line 20, in process_item
AttributeError: 'JsonWriterPipeline' object has no attribute 'file'
2016-10-20 15:09:28 [scrapy] INFO: Dumping Scrapy stats:
{'downloader/request_bytes': 23541,
 'downloader/request_count': 53,
 'downloader/request_method_count/GET': 53,
 'downloader/response_bytes': 273405,
 'downloader/response_count': 53,
 'downloader/response_status_count/200': 44,
 'downloader/response_status_count/302': 5,
 'downloader/response_status_count/404': 4,
 'dupefilter/filtered': 3669,
 'finish_reason': 'closespider_timeout',
 'finish_time': datetime.datetime(2016, 10, 20, 19, 9, 28, 478918),
 'log_count/DEBUG': 59,
 'log_count/ERROR': 43,
 'log_count/INFO': 9,
 'request_depth_max': 2,
 'response_received_count': 48,
 'scheduler/dequeued': 52,
 'scheduler/dequeued/memory': 52,
 'scheduler/enqueued': 1304,
 'scheduler/enqueued/memory': 1304,
 'start_time': datetime.datetime(2016, 10, 20, 19, 7, 20, 925386)}
2016-10-20 15:09:28 [scrapy] INFO: Spider closed (closespider_timeout)
