2016-10-20 15:00:45 [scrapy] INFO: Scrapy 1.1.2 started (bot: foreignScrape)
2016-10-20 15:00:45 [scrapy] INFO: Overridden settings: {'NEWSPIDER_MODULE': 'foreignScrape.spiders', 'FEED_URI': 'file:///private/var/www/PoliScrape/git/PoliScrape/poliScrapy/items/poliScrapy/history/80bb4f1196f711e68f05a45e60edbd8f.jl', 'CONCURRENT_REQUESTS': 32, 'CLOSESPIDER_ERRORCOUNT': 30, 'BOT_NAME': 'foreignScrape', 'CLOSESPIDER_TIMEOUT': 50, 'SPIDER_MODULES': ['foreignScrape.spiders'], 'ROBOTSTXT_OBEY': True, 'DEPTH_PRIORITY': 1, 'LOG_FILE': 'logs/poliScrapy/history/80bb4f1196f711e68f05a45e60edbd8f.log', 'DOWNLOAD_DELAY': 2}
2016-10-20 15:00:45 [scrapy] INFO: Enabled extensions:
['scrapy.extensions.feedexport.FeedExporter',
 'scrapy.extensions.telnet.TelnetConsole',
 'scrapy.extensions.corestats.CoreStats',
 'scrapy.extensions.closespider.CloseSpider',
 'scrapy.extensions.logstats.LogStats']
2016-10-20 15:00:45 [scrapy] INFO: Enabled downloader middlewares:
['scrapy.downloadermiddlewares.robotstxt.RobotsTxtMiddleware',
 'scrapy.downloadermiddlewares.httpauth.HttpAuthMiddleware',
 'scrapy.downloadermiddlewares.downloadtimeout.DownloadTimeoutMiddleware',
 'scrapy.downloadermiddlewares.useragent.UserAgentMiddleware',
 'scrapy.downloadermiddlewares.retry.RetryMiddleware',
 'scrapy.downloadermiddlewares.defaultheaders.DefaultHeadersMiddleware',
 'scrapy.downloadermiddlewares.redirect.MetaRefreshMiddleware',
 'scrapy.downloadermiddlewares.httpcompression.HttpCompressionMiddleware',
 'scrapy.downloadermiddlewares.redirect.RedirectMiddleware',
 'scrapy.downloadermiddlewares.cookies.CookiesMiddleware',
 'scrapy.downloadermiddlewares.chunked.ChunkedTransferMiddleware',
 'scrapy.downloadermiddlewares.stats.DownloaderStats']
2016-10-20 15:00:45 [scrapy] INFO: Enabled spider middlewares:
['scrapy.spidermiddlewares.httperror.HttpErrorMiddleware',
 'scrapy.spidermiddlewares.offsite.OffsiteMiddleware',
 'scrapy.spidermiddlewares.referer.RefererMiddleware',
 'scrapy.spidermiddlewares.urllength.UrlLengthMiddleware',
 'scrapy.spidermiddlewares.depth.DepthMiddleware']
2016-10-20 15:00:45 [twisted] CRITICAL: Unhandled error in Deferred:
2016-10-20 15:00:45 [twisted] CRITICAL: 
Traceback (most recent call last):
  File "/usr/local/lib/python2.7/site-packages/twisted/internet/defer.py", line 1185, in _inlineCallbacks
    result = g.send(result)
  File "/usr/local/lib/python2.7/site-packages/scrapy/crawler.py", line 90, in crawl
    six.reraise(*exc_info)
  File "/usr/local/lib/python2.7/site-packages/scrapy/crawler.py", line 72, in crawl
    self.engine = self._create_engine()
  File "/usr/local/lib/python2.7/site-packages/scrapy/crawler.py", line 97, in _create_engine
    return ExecutionEngine(self, lambda _: self.stop())
  File "/usr/local/lib/python2.7/site-packages/scrapy/core/engine.py", line 69, in __init__
    self.scraper = Scraper(crawler)
  File "/usr/local/lib/python2.7/site-packages/scrapy/core/scraper.py", line 71, in __init__
    self.itemproc = itemproc_cls.from_crawler(crawler)
  File "/usr/local/lib/python2.7/site-packages/scrapy/middleware.py", line 58, in from_crawler
    return cls.from_settings(crawler.settings, crawler)
  File "/usr/local/lib/python2.7/site-packages/scrapy/middleware.py", line 34, in from_settings
    mwcls = load_object(clspath)
  File "/usr/local/lib/python2.7/site-packages/scrapy/utils/misc.py", line 49, in load_object
    raise NameError("Module '%s' doesn't define any object named '%s'" % (module, name))
NameError: Module 'foreignScrape.pipelines' doesn't define any object named 'SomePipeline'
