2016-10-06 14:44:29 [scrapy] INFO: Scrapy 1.1.2 started (bot: foreignScrape)
2016-10-06 14:44:29 [scrapy] INFO: Overridden settings: {'NEWSPIDER_MODULE': 'foreignScrape.spiders', 'FEED_URI': 'file:///Users/Ryan/PoliScrape/git/PoliScrape/poliScrapy/items/poliScrapy/history/e6c55d7d8bf411e6b363a45e60edbd8f.jl', 'CONCURRENT_REQUESTS': 32, 'CLOSESPIDER_ERRORCOUNT': 30, 'BOT_NAME': 'foreignScrape', 'CLOSESPIDER_TIMEOUT': 5, 'SPIDER_MODULES': ['foreignScrape.spiders'], 'ROBOTSTXT_OBEY': True, 'DEPTH_PRIORITY': 1, 'LOG_FILE': 'logs/poliScrapy/history/e6c55d7d8bf411e6b363a45e60edbd8f.log', 'DOWNLOAD_DELAY': 2}
2016-10-06 14:44:29 [scrapy] INFO: Enabled extensions:
['scrapy.extensions.feedexport.FeedExporter',
 'scrapy.extensions.telnet.TelnetConsole',
 'scrapy.extensions.corestats.CoreStats',
 'scrapy.extensions.closespider.CloseSpider',
 'scrapy.extensions.logstats.LogStats']
2016-10-06 14:44:29 [scrapy] INFO: Enabled downloader middlewares:
['scrapy.downloadermiddlewares.robotstxt.RobotsTxtMiddleware',
 'scrapy.downloadermiddlewares.httpauth.HttpAuthMiddleware',
 'scrapy.downloadermiddlewares.downloadtimeout.DownloadTimeoutMiddleware',
 'scrapy.downloadermiddlewares.useragent.UserAgentMiddleware',
 'scrapy.downloadermiddlewares.retry.RetryMiddleware',
 'scrapy.downloadermiddlewares.defaultheaders.DefaultHeadersMiddleware',
 'scrapy.downloadermiddlewares.redirect.MetaRefreshMiddleware',
 'scrapy.downloadermiddlewares.httpcompression.HttpCompressionMiddleware',
 'scrapy.downloadermiddlewares.redirect.RedirectMiddleware',
 'scrapy.downloadermiddlewares.cookies.CookiesMiddleware',
 'scrapy.downloadermiddlewares.chunked.ChunkedTransferMiddleware',
 'scrapy.downloadermiddlewares.stats.DownloaderStats']
2016-10-06 14:44:29 [scrapy] INFO: Enabled spider middlewares:
['scrapy.spidermiddlewares.httperror.HttpErrorMiddleware',
 'scrapy.spidermiddlewares.offsite.OffsiteMiddleware',
 'scrapy.spidermiddlewares.referer.RefererMiddleware',
 'scrapy.spidermiddlewares.urllength.UrlLengthMiddleware',
 'scrapy.spidermiddlewares.depth.DepthMiddleware']
2016-10-06 14:44:29 [scrapy] INFO: Enabled item pipelines:
[]
2016-10-06 14:44:29 [scrapy] INFO: Spider opened
2016-10-06 14:44:29 [scrapy] INFO: Crawled 0 pages (at 0 pages/min), scraped 0 items (at 0 items/min)
2016-10-06 14:44:29 [scrapy] DEBUG: Telnet console listening on 127.0.0.1:6023
2016-10-06 14:44:29 [scrapy] DEBUG: Crawled (200) <GET https://history.state.gov/robots.txt> (referer: None)
2016-10-06 14:44:32 [scrapy] DEBUG: Crawled (200) <GET https://history.state.gov/historicaldocuments> (referer: None)
2016-10-06 14:44:32 [scrapy] DEBUG: Filtered duplicate request: <GET https://history.state.gov//> - no more duplicates will be shown (see DUPEFILTER_DEBUG to show all duplicates)
2016-10-06 14:44:34 [scrapy] INFO: Closing spider (closespider_timeout)
2016-10-06 14:44:34 [scrapy] DEBUG: Crawled (200) <GET https://history.state.gov//about-the-beta> (referer: https://history.state.gov/historicaldocuments)
2016-10-06 14:44:36 [scrapy] DEBUG: Crawled (200) <GET https://history.state.gov//historicaldocuments/guide-to-sources-on-vietnam-1969-1975> (referer: https://history.state.gov/historicaldocuments)
2016-10-06 14:44:39 [scrapy] DEBUG: Crawled (200) <GET https://history.state.gov//historicaldocuments/other-electronic-resources> (referer: https://history.state.gov/historicaldocuments)
2016-10-06 14:44:41 [scrapy] DEBUG: Crawled (200) <GET https://history.state.gov//historicaldocuments/reagan> (referer: https://history.state.gov/historicaldocuments)
2016-10-06 14:44:43 [scrapy] DEBUG: Crawled (200) <GET https://history.state.gov//historicaldocuments/carter> (referer: https://history.state.gov/historicaldocuments)
2016-10-06 14:44:46 [scrapy] DEBUG: Crawled (200) <GET https://history.state.gov//historicaldocuments/nixon-ford> (referer: https://history.state.gov/historicaldocuments)
2016-10-06 14:44:49 [scrapy] DEBUG: Crawled (200) <GET https://history.state.gov//historicaldocuments/johnson> (referer: https://history.state.gov/historicaldocuments)
2016-10-06 14:44:52 [scrapy] DEBUG: Crawled (200) <GET https://history.state.gov//historicaldocuments/kennedy> (referer: https://history.state.gov/historicaldocuments)
2016-10-06 14:44:54 [scrapy] DEBUG: Crawled (200) <GET https://history.state.gov//historicaldocuments/eisenhower> (referer: https://history.state.gov/historicaldocuments)
2016-10-06 14:44:56 [scrapy] DEBUG: Crawled (200) <GET https://history.state.gov//historicaldocuments/truman> (referer: https://history.state.gov/historicaldocuments)
2016-10-06 14:44:58 [scrapy] DEBUG: Crawled (200) <GET https://history.state.gov//historicaldocuments/pre-truman> (referer: https://history.state.gov/historicaldocuments)
2016-10-06 14:45:01 [scrapy] DEBUG: Crawled (200) <GET https://history.state.gov//search?within=documents> (referer: https://history.state.gov/historicaldocuments)
2016-10-06 14:45:03 [scrapy] DEBUG: Crawled (200) <GET https://history.state.gov//open> (referer: https://history.state.gov/historicaldocuments)
2016-10-06 14:45:05 [scrapy] DEBUG: Crawled (200) <GET https://history.state.gov//about/faq> (referer: https://history.state.gov/historicaldocuments)
2016-10-06 14:45:07 [scrapy] DEBUG: Crawled (200) <GET https://history.state.gov//education> (referer: https://history.state.gov/historicaldocuments)
2016-10-06 14:45:10 [scrapy] DEBUG: Crawled (200) <GET https://history.state.gov//developer> (referer: https://history.state.gov/historicaldocuments)
2016-10-06 14:45:13 [scrapy] DEBUG: Crawled (200) <GET https://history.state.gov//about/contact-us> (referer: https://history.state.gov/historicaldocuments)
2016-10-06 14:45:15 [scrapy] DEBUG: Crawled (200) <GET https://history.state.gov//conferences> (referer: https://history.state.gov/historicaldocuments)
2016-10-06 14:45:18 [scrapy] DEBUG: Crawled (200) <GET https://history.state.gov//tags> (referer: https://history.state.gov/historicaldocuments)
2016-10-06 14:45:20 [scrapy] DEBUG: Crawled (200) <GET https://history.state.gov//about> (referer: https://history.state.gov/historicaldocuments)
2016-10-06 14:45:22 [scrapy] DEBUG: Crawled (200) <GET https://history.state.gov/> (referer: https://history.state.gov/historicaldocuments)
2016-10-06 14:45:24 [scrapy] DEBUG: Crawled (200) <GET https://history.state.gov//countries/archives> (referer: https://history.state.gov/historicaldocuments)
2016-10-06 14:45:27 [scrapy] DEBUG: Crawled (200) <GET https://history.state.gov//countries> (referer: https://history.state.gov/historicaldocuments)
2016-10-06 14:45:29 [scrapy] INFO: Crawled 25 pages (at 25 pages/min), scraped 0 items (at 0 items/min)
2016-10-06 14:45:30 [scrapy] DEBUG: Crawled (200) <GET https://history.state.gov//milestones/1993-2000> (referer: https://history.state.gov/historicaldocuments)
2016-10-06 14:45:32 [scrapy] DEBUG: Crawled (200) <GET https://history.state.gov//milestones/1989-1992> (referer: https://history.state.gov/historicaldocuments)
2016-10-06 14:45:34 [scrapy] DEBUG: Crawled (200) <GET https://history.state.gov//milestones/1981-1988> (referer: https://history.state.gov/historicaldocuments)
2016-10-06 14:45:36 [scrapy] DEBUG: Crawled (200) <GET https://history.state.gov//milestones/1977-1980> (referer: https://history.state.gov/historicaldocuments)
2016-10-06 14:45:39 [scrapy] DEBUG: Crawled (200) <GET https://history.state.gov//milestones/1969-1976> (referer: https://history.state.gov/historicaldocuments)
2016-10-06 14:45:42 [scrapy] DEBUG: Crawled (200) <GET https://history.state.gov//milestones/1961-1968> (referer: https://history.state.gov/historicaldocuments)
2016-10-06 14:45:45 [scrapy] DEBUG: Crawled (200) <GET https://history.state.gov//milestones/1953-1960> (referer: https://history.state.gov/historicaldocuments)
2016-10-06 14:45:47 [scrapy] DEBUG: Crawled (200) <GET https://history.state.gov//milestones/1945-1952> (referer: https://history.state.gov/historicaldocuments)
2016-10-06 14:45:49 [scrapy] DEBUG: Crawled (200) <GET https://history.state.gov//milestones/1937-1945> (referer: https://history.state.gov/historicaldocuments)
2016-10-06 14:45:50 [scrapy] INFO: Dumping Scrapy stats:
{'downloader/request_bytes': 14913,
 'downloader/request_count': 34,
 'downloader/request_method_count/GET': 34,
 'downloader/response_bytes': 193663,
 'downloader/response_count': 34,
 'downloader/response_status_count/200': 34,
 'dupefilter/filtered': 2713,
 'finish_reason': 'closespider_timeout',
 'finish_time': datetime.datetime(2016, 10, 6, 18, 45, 50, 138549),
 'log_count/DEBUG': 36,
 'log_count/INFO': 8,
 'request_depth_max': 2,
 'response_received_count': 34,
 'scheduler/dequeued': 33,
 'scheduler/dequeued/memory': 33,
 'scheduler/enqueued': 911,
 'scheduler/enqueued/memory': 911,
 'start_time': datetime.datetime(2016, 10, 6, 18, 44, 29, 266473)}
2016-10-06 14:45:50 [scrapy] INFO: Spider closed (closespider_timeout)
